#
# A fatal error has been detected by the Java Runtime Environment:
#
#  EXCEPTION_ACCESS_VIOLATION (0xc0000005) at pc=0x00007ff8e9923004, pid=22932, tid=22072
#
# JRE version: OpenJDK Runtime Environment Microsoft-12574223 (25.0.1+8) (build 25.0.1+8-LTS)
# Java VM: OpenJDK 64-Bit Server VM Microsoft-12574223 (25.0.1+8-LTS, mixed mode, sharing, tiered, compressed oops, compressed class ptrs, g1 gc, windows-amd64)
# Problematic frame:
# C  [libasyncProfiler.dll+0x93004]
#
# No core dump will be written. Minidumps are not enabled by default on client versions of Windows
#
# JFR recording file will be written. Location: C:\Users\mstor\IdeaProjects\KinoBE\hs_err_pid22932.jfr
#
# If you would like to submit a bug report, please visit:
#   https://github.com/microsoft/openjdk/issues
# The crash happened outside the Java Virtual Machine in native code.
# See problematic frame for where to report the bug.
#

---------------  S U M M A R Y ------------

Command Line: -ea --enable-preview -Didea.test.cyclic.buffer.size=1048576 -javaagent:C:\Program Files\JetBrains\IntelliJ IDEA 2024.3.5\lib\idea_rt.jar=61127 -javaagent:C:\Users\mstor\AppData\Local\JetBrains\IntelliJIdea2024.3\captureAgent\debugger-agent.jar -Dkotlinx.coroutines.debug.enable.creation.stack.trace=false -Ddebugger.agent.enable.coroutines=true -Dkotlinx.coroutines.debug.enable.flows.stack.trace=true -Dkotlinx.coroutines.debug.enable.mutable.state.flows.stack.trace=true -agentpath:C:\Users\mstor\AppData\Local\Temp\idea_libasyncProfiler_dll_temp_folder\libasyncProfiler.dll=start,jfr,event=wall,interval=10ms,jfrsync=profile,cstack=no,file=C:\Users\mstor\IdeaSnapshots\AdminServiceImplTest_createAdmin_ShouldReturnSavedAdmin_WhenUsernameIsAvailable_2026_03_09_095330.jfr,dbghelppath=C:\Users\mstor\AppData\Local\Temp\idea_dbghelp_dll_temp_folder\dbghelp.dll,log=C:\Users\mstor\AppData\Local\Temp\AdminServiceImplTest_createAdmin_ShouldReturnSavedAdmin_WhenUsernameIsAvailable_2026_03_09_095330.jfr.log.txt,logLevel=DEBUG -Dfile.encoding=UTF-8 -Dsun.stdout.encoding=UTF-8 -Dsun.stderr.encoding=UTF-8 com.intellij.rt.junit.JUnitStarter -ideVersion5 -junit5 org.example.kinobe.servicetest.AdminServiceImplTest,createAdmin_ShouldReturnSavedAdmin_WhenUsernameIsAvailable

Host: 12th Gen Intel(R) Core(TM) i5-12400F, 12 cores, 15G,  Windows 11 , 64 bit Build 26100 (10.0.26100.7309)
Time: Mon Mar  9 09:53:31 2026 Romance Standard Time elapsed time: 0.826474 seconds (0d 0h 0m 0s)

---------------  T H R E A D  ---------------

Current thread (0x00000206cbdee7a0):  JavaThread "main"             [_thread_in_native, id=22072, stack(0x000000dc32d00000,0x000000dc32e00000) (1024K)]

Stack: [0x000000dc32d00000,0x000000dc32e00000],  sp=0x000000dc32dfeba0,  free space=1018k
Native frames: (J=compiled Java code, j=interpreted, Vv=VM code, C=native code)
C  [libasyncProfiler.dll+0x93004]  (no source info available)
C  [libasyncProfiler.dll+0x934db]  (no source info available)
C  [libasyncProfiler.dll+0x92134]  (no source info available)
C  [libasyncProfiler.dll+0x929aa]  (no source info available)
C  [libasyncProfiler.dll+0x8d561]  (no source info available)
C  [libasyncProfiler.dll+0x7ef21]  (no source info available)
C  [libasyncProfiler.dll+0x7dc38]  (no source info available)
C  [libasyncProfiler.dll+0x7db20]  (no source info available)
C  [libasyncProfiler.dll+0x83c3c]  (no source info available)
V  [jvm.dll+0x6554a2]  (no source info available)
V  [jvm.dll+0x9a903d]  (no source info available)
V  [jvm.dll+0x503561]  (no source info available)
V  [jvm.dll+0x504e21]  (no source info available)
C  [jli.dll+0x541e]  (no source info available)
C  [ucrtbase.dll+0x37b0]  (no source info available)
C  [KERNEL32.DLL+0x2e8d7]  (no source info available)
C  [ntdll.dll+0x8c53c]  (no source info available)


siginfo: EXCEPTION_ACCESS_VIOLATION (0xc0000005), reading address 0xffffffffffffffff


Registers:
RAX=0x0000000000000010, RBX=0x0000000000000000, RCX=0xffffffffffffffff, RDX=0x007ff8b4a1f38010
RSP=0x000000dc32dfeba0, RBP=0x00000206ec8bb1c8, RSI=0x000000dc32dfed10, RDI=0x00000206ec8bb1c8
R8 =0x0000000000000042, R9 =0x0000000712201eb8, R10=0x00007ff8b4cd54a0, R11=0x0000000000000004
R12=0x000000dc32dfed10, R13=0x00000206c99b8350, R14=0x00000206cbdeebe8, R15=0x00000206cbdeebe8
RIP=0x00007ff8e9923004, EFLAGS=0x0000000000010202

XMM[0]=0x0000000000000000 0x0000000000000000
XMM[1]=0x0000000000000000 0x0000000000000000
XMM[2]=0x0000000000000000 0x0000000000000000
XMM[3]=0x0000000000000000 0x0000000000000000
XMM[4]=0x0000000000000000 0x0000000000000000
XMM[5]=0x0000000000000000 0x0000000000000000
XMM[6]=0x0000000000000000 0x0000000000000000
XMM[7]=0x0000000000000000 0x0000000000000000
XMM[8]=0x0000000000000000 0x0000000000000000
XMM[9]=0x0000000000000000 0x0000000000000000
XMM[10]=0x0000000000000000 0x0000000000000000
XMM[11]=0x0000000000000000 0x0000000000000000
XMM[12]=0x0000000000000000 0x0000000000000000
XMM[13]=0x0000000000000000 0x0000000000000000
XMM[14]=0x0000000000000000 0x0000000000000000
XMM[15]=0x0000000000000000 0x0000000000000000
  MXCSR=0x00001fa0


Register to memory mapping:

RAX=0x0000000000000010 is an unknown value
RBX=0x0 is null
RCX=0xffffffffffffffff is an unknown value
RDX=0x007ff8b4a1f38010 is an unknown value
RSP=0x000000dc32dfeba0 is pointing into the stack for thread: 0x00000206cbdee7a0
RBP=0x00000206ec8bb1c8 points into unknown readable memory: 0x0000000712201eb8 | b8 1e 20 12 07 00 00 00
RSI=0x000000dc32dfed10 is pointing into the stack for thread: 0x00000206cbdee7a0
RDI=0x00000206ec8bb1c8 points into unknown readable memory: 0x0000000712201eb8 | b8 1e 20 12 07 00 00 00
R8 =0x0000000000000042 is an unknown value
R9 =0x0000000712201eb8 is an oop: java.lang.Thread 
{0x0000000712201eb8} - klass: 'java/lang/Thread' - flags: 

 - ---- fields (total size 14 words):
 - 'threadLocalRandomProbe' 'I' @12  0 (0x00000000)
 - private volatile 'eetop' 'J' @16  2228213442464 (0x00000206cbdee7a0)
 - private final 'tid' 'J' @24  3 (0x0000000000000003)
 - 'threadLocalRandomSeed' 'J' @32  0 (0x0000000000000000)
 - injected 'jvmti_thread_state' 'J' @40  2228759651104 (0x00000206ec6d6320)
 - 'threadLocalRandomSecondarySeed' 'I' @48  0 (0x00000000)
 - injected 'jvmti_VTMS_transition_disable_count' 'I' @52  0 (0x00000000)
 - injected 'jfr_epoch' 'S' @56  0 (0x0000)
 - volatile 'interrupted' 'Z' @58  false (0x00)
 - injected 'jvmti_is_in_VTMS_transition' 'Z' @59  false (0x00)
 - private volatile 'name' 'Ljava/lang/String;' @60  "main"{0x0000000712201f28} (0xe24403e5)
 - private volatile 'contextClassLoader' 'Ljava/lang/ClassLoader;' @64  a 'jdk/internal/loader/ClassLoaders$AppClassLoader'{0x000000071224ab78} (0xe244956f)
 - private final 'holder' 'Ljava/lang/Thread$FieldHolder;' @68  a 'java/lang/Thread$FieldHolder'{0x0000000712201f68} (0xe24403ed)
 - private 'threadLocals' 'Ljava/lang/ThreadLocal$ThreadLocalMap;' @72  a 'java/lang/ThreadLocal$ThreadLocalMap'{0x00000007117d13b8} (0xe22fa277)
 - private 'inheritableThreadLocals' 'Ljava/lang/ThreadLocal$ThreadLocalMap;' @76  null (0x00000000)
 - private 'scopedValueBindings' 'Ljava/lang/Object;' @80  a 'java/lang/Class'{0x00000007ffe7f1a8} = 'java/lang/Thread' (0xfffcfe35)
 - final 'interruptLock' 'Ljava/lang/Object;' @84  a 'java/lang/Object'{0x0000000712201f58} (0xe24403eb)
 - private volatile 'parkBlocker' 'Ljava/lang/Object;' @88  null (0x00000000)
 - private 'nioBlocker' 'Lsun/nio/ch/Interruptible;' @92  null (0x00000000)
 - private 'cont' 'Ljdk/internal/vm/Continuation;' @96  null (0x00000000)
 - private volatile 'uncaughtExceptionHandler' 'Ljava/lang/Thread$UncaughtExceptionHandler;' @100  null (0x00000000)
 - private 'container' 'Ljdk/internal/vm/ThreadContainer;' @104  null (0x00000000)
 - private volatile 'headStackableScopes' 'Ljdk/internal/vm/StackableScope;' @108  null (0x00000000)
R10=0x00007ff8b4cd54a0 jvm.dll
R11=0x0000000000000004 is an unknown value
R12=0x000000dc32dfed10 is pointing into the stack for thread: 0x00000206cbdee7a0
R13=0x00000206c99b8350 points into unknown readable memory: 0x00007ff8b4c402c0 | c0 02 c4 b4 f8 7f 00 00
R14=0x00000206cbdeebe8 points into unknown readable memory: 0x00007ff8b4c36d80 | 80 6d c3 b4 f8 7f 00 00
R15=0x00000206cbdeebe8 points into unknown readable memory: 0x00007ff8b4c36d80 | 80 6d c3 b4 f8 7f 00 00

Top of Stack: (sp=0x000000dc32dfeba0)
0x000000dc32dfeba0:   00000206ec8bb1c8 00000206cbdeebe8   ................
0x000000dc32dfebb0:   0000000000000000 00000206cb8e66e8   .........f......
0x000000dc32dfebc0:   000000000000001a 00007ff8e99234db   .........4......
0x000000dc32dfebd0:   0000000000000000 00000206cbdeebe8   ................
0x000000dc32dfebe0:   000000dc32dfed01 0000000000000000   ...2............
0x000000dc32dfebf0:   00000206f2f4b520 00007ff8e9922134    .......4!......
0x000000dc32dfec00:   0000000000000000 000000000000001a   ................
0x000000dc32dfec10:   0000000000000000 000000000000001a   ................
0x000000dc32dfec20:   0000000900000002 00000206f2eac060   ........`.......
0x000000dc32dfec30:   00000206f2f4b520 00000206f2f4b588    ...............
0x000000dc32dfec40:   00000206f2f4b590 0000000000004010   .........@......
0x000000dc32dfec50:   0000000000000000 0000000000000000   ................
0x000000dc32dfec60:   0000000000000000 00007ff8b4392af5   .........*9.....
0x000000dc32dfec70:   00007ff8e9a7ae00 0000000000005994   .........Y......
0x000000dc32dfec80:   00007ff8e9a7ae00 00000000ffffffff   ................
0x000000dc32dfec90:   0000000000000000 00007ff8e99229aa   .........)......
0x000000dc32dfeca0:   00000206cbdeebe8 0000000000000000   ................
0x000000dc32dfecb0:   000000dc32dfed19 00000206c99b8350   ...2....P.......
0x000000dc32dfecc0:   00000206000021b4 0000000000000000   .!..............
0x000000dc32dfecd0:   0000000000000000 00007ff977f57989   .........y.w....
0x000000dc32dfece0:   00000206cbdeebe8 00007ff8e9a7ae00   ................
0x000000dc32dfecf0:   0000000000000000 00007ff8e99bbc53   ........S.......
0x000000dc32dfed00:   0000000000000000 00000206cbdeebe8   ................
0x000000dc32dfed10:   00000206f30307d0 00000206f3030b10   ................
0x000000dc32dfed20:   00000206f3030b10 00007ff8e9a7ae00   ................
0x000000dc32dfed30:   00000206cbd60e18 000000dc32dfeea8   ...........2....
0x000000dc32dfed40:   000000dc32dfefe0 0000000000008840   ...2....@.......
0x000000dc32dfed50:   00007ff8e9a6d080 00007ff8e9a7ae50   ........P.......
0x000000dc32dfed60:   0000000000989680 0000000000989680   ................
0x000000dc32dfed70:   000000dc32dfee80 00007ff8e991d561   ...2....a.......
0x000000dc32dfed80:   00007ff8e9a7ae00 00007ff8e9a7ae58   ........X.......
0x000000dc32dfed90:   00007ff800000000 003f61c900000001   .............a?.

Instructions: (pc=0x00007ff8e9923004)
  0x00007ff8e9922f04:   cc cc cc cc cc cc cc cc cc cc cc cc cc cc cc cc
  0x00007ff8e9922f14:   cc cc cc cc cc cc cc cc cc cc cc cc cc cc cc cc
  0x00007ff8e9922f24:   cc cc cc cc cc cc cc cc cc cc cc cc cc cc cc cc
  0x00007ff8e9922f34:   cc cc cc cc cc cc cc cc cc cc cc cc cc cc cc cc
  0x00007ff8e9922f44:   cc cc cc cc cc cc cc cc cc cc cc cc cc cc cc cc
  0x00007ff8e9922f54:   cc cc cc cc cc cc cc cc cc cc cc cc cc cc cc cc
  0x00007ff8e9922f64:   cc cc cc cc cc cc cc cc cc cc cc cc cc cc cc cc
  0x00007ff8e9922f74:   cc cc cc cc cc cc cc cc cc cc cc cc cc cc cc cc
  0x00007ff8e9922f84:   cc cc cc cc cc cc cc cc cc cc cc cc 40 57 48 83
  0x00007ff8e9922f94:   ec 20 48 8b f9 48 8b 0d 30 80 15 00 48 85 c9 74
  0x00007ff8e9922fa4:   20 48 8b 01 48 8d 54 24 38 41 b8 06 00 01 00 4c
  0x00007ff8e9922fb4:   8b 48 30 41 ff d1 85 c0 75 07 48 8b 4c 24 38 eb
  0x00007ff8e9922fc4:   02 33 c9 4c 8b 05 0a 81 15 00 48 89 5c 24 30 4d
  0x00007ff8e9922fd4:   85 c0 74 4a 48 8b 01 48 8b d7 4c 8b 88 28 03 00
  0x00007ff8e9922fe4:   00 41 ff d1 48 85 c0 74 35 48 63 0d b8 3d 15 00
  0x00007ff8e9922ff4:   48 8b 14 01 48 85 d2 74 15 48 63 05 bc 3d 15 00
=>0x00007ff8e9923004:   8b 04 10 48 8b 5c 24 30 48 83 c4 20 5f c3 b8 ff
  0x00007ff8e9923014:   ff ff ff 48 8b 5c 24 30 48 83 c4 20 5f c3 80 3d
  0x00007ff8e9923024:   bb 7f 15 00 00 bb ff ff ff ff 74 20 4c 8b 0d 51
  0x00007ff8e9923034:   7c 15 00 4c 8d 44 24 38 48 8b 0d 35 7c 15 00 48
  0x00007ff8e9923044:   8b d7 41 ff d1 85 c0 0f 44 5c 24 38 8b c3 48 8b
  0x00007ff8e9923054:   5c 24 30 48 83 c4 20 5f c3 cc cc cc cc cc cc cc
  0x00007ff8e9923064:   cc cc cc cc cc cc cc cc cc cc cc cc cc cc cc cc
  0x00007ff8e9923074:   cc cc cc cc cc cc cc cc cc cc cc cc cc cc cc cc
  0x00007ff8e9923084:   cc cc cc cc cc cc cc cc cc cc cc cc 48 89 54 24
  0x00007ff8e9923094:   10 53 55 56 57 41 56 41 57 48 83 ec 28 48 8b f2
  0x00007ff8e99230a4:   4c 8b f1 48 89 4c 24 78 45 33 ff 44 89 7c 24 68
  0x00007ff8e99230b4:   c7 44 24 60 01 00 00 00 48 8d 4c 24 68 e8 69 3c
  0x00007ff8e99230c4:   f7 ff 8b d8 48 8d 4c 24 60 e8 5d 3c f7 ff 8b e8
  0x00007ff8e99230d4:   49 8b ce e8 33 f3 f6 ff 48 8b f8 90 8b c3 f0 0f
  0x00007ff8e99230e4:   b1 2f 74 04 f3 90 eb f4 4c 89 3e 4c 89 7e 08 4c
  0x00007ff8e99230f4:   89 7e 10 49 8b 6e 08 4d 8b 76 10 49 3b ee 0f 84


Stack slot to memory mapping:

stack at sp + 0 slots: 0x00000206ec8bb1c8 points into unknown readable memory: 0x0000000712201eb8 | b8 1e 20 12 07 00 00 00
stack at sp + 1 slots: 0x00000206cbdeebe8 points into unknown readable memory: 0x00007ff8b4c36d80 | 80 6d c3 b4 f8 7f 00 00
stack at sp + 2 slots: 0x0 is null
stack at sp + 3 slots: 0x00000206cb8e66e8 points into unknown readable memory: 0x6e616c2e6176616a | 6a 61 76 61 2e 6c 61 6e
stack at sp + 4 slots: 0x000000000000001a is an unknown value
stack at sp + 5 slots: 0x00007ff8e99234db libasyncProfiler.dll
stack at sp + 6 slots: 0x0 is null
stack at sp + 7 slots: 0x00000206cbdeebe8 points into unknown readable memory: 0x00007ff8b4c36d80 | 80 6d c3 b4 f8 7f 00 00

Lock stack of current Java thread (top to bottom):


---------------  P R O C E S S  ---------------

Threads class SMR info:
_java_thread_list=0x00000206f2f83330, length=15, elements={
0x00000206cbdee7a0, 0x00000206cba46b60, 0x00000206cba475c0, 0x00000206cba4af40,
0x00000206cba51c50, 0x00000206cba5fc40, 0x00000206cba60800, 0x00000206cba61b00,
0x00000206cba62710, 0x00000206ec7f6970, 0x00000206ec8674b0, 0x00000206ec8ca780,
0x00000206f1dabfd0, 0x00000206ec8c9f70, 0x00000206f2f8b2b0
}

Java Threads: ( => current thread )
=>0x00000206cbdee7a0 JavaThread "main"                              [_thread_in_native, id=22072, stack(0x000000dc32d00000,0x000000dc32e00000) (1024K)]
  0x00000206cba46b60 JavaThread "Reference Handler"          daemon [_thread_blocked, id=20104, stack(0x000000dc33500000,0x000000dc33600000) (1024K)]
  0x00000206cba475c0 JavaThread "Finalizer"                  daemon [_thread_blocked, id=22020, stack(0x000000dc33600000,0x000000dc33700000) (1024K)]
  0x00000206cba4af40 JavaThread "Signal Dispatcher"          daemon [_thread_blocked, id=21680, stack(0x000000dc33700000,0x000000dc33800000) (1024K)]
  0x00000206cba51c50 JavaThread "Attach Listener"            daemon [_thread_blocked, id=22936, stack(0x000000dc33800000,0x000000dc33900000) (1024K)]
  0x00000206cba5fc40 JavaThread "Service Thread"             daemon [_thread_blocked, id=20836, stack(0x000000dc33900000,0x000000dc33a00000) (1024K)]
  0x00000206cba60800 JavaThread "Monitor Deflation Thread"   daemon [_thread_blocked, id=23160, stack(0x000000dc33a00000,0x000000dc33b00000) (1024K)]
  0x00000206cba61b00 JavaThread "C2 CompilerThread0"         daemon [_thread_blocked, id=22456, stack(0x000000dc33b00000,0x000000dc33c00000) (1024K)]
  0x00000206cba62710 JavaThread "C1 CompilerThread0"         daemon [_thread_blocked, id=2512, stack(0x000000dc33c00000,0x000000dc33d00000) (1024K)]
  0x00000206ec7f6970 JavaThread "Common-Cleaner"             daemon [_thread_blocked, id=8876, stack(0x000000dc33d00000,0x000000dc33e00000) (1024K)]
  0x00000206ec8674b0 JavaThread "Monitor Ctrl-Break"         daemon [_thread_in_native, id=13340, stack(0x000000dc33e00000,0x000000dc33f00000) (1024K)]
  0x00000206ec8ca780 JavaThread "C2 CompilerThread1"         daemon [_thread_in_native, id=23036, stack(0x000000dc33f00000,0x000000dc34000000) (1024K)]
  0x00000206f1dabfd0 JavaThread "JFR Recorder Thread"        daemon [_thread_in_native, id=3524, stack(0x000000dc34000000,0x000000dc34100000) (1024K)]
  0x00000206ec8c9f70 JavaThread "C2 CompilerThread2"         daemon [_thread_blocked, id=6128, stack(0x000000dc34100000,0x000000dc34200000) (1024K)]
  0x00000206f2f8b2b0 JavaThread "JFR Periodic Tasks"         daemon [_thread_blocked, id=16400, stack(0x000000dc34200000,0x000000dc34300000) (1024K)]
Total: 15

Other Threads:
  0x00000206cba34a10 VMThread "VM Thread"                           [id=22264, stack(0x000000dc33400000,0x000000dc33500000) (1024K)]
  0x00000206ec61cba0 WatcherThread "VM Periodic Task Thread"        [id=21052, stack(0x000000dc33300000,0x000000dc33400000) (1024K)]
  0x00000206cb955540 WorkerThread "GC Thread#0"                     [id=22984, stack(0x000000dc32e00000,0x000000dc32f00000) (1024K)]
  0x00000206cb96e270 ConcurrentGCThread "G1 Main Marker"            [id=17276, stack(0x000000dc32f00000,0x000000dc33000000) (1024K)]
  0x00000206cb96fe20 WorkerThread "G1 Conc#0"                       [id=7744, stack(0x000000dc33000000,0x000000dc33100000) (1024K)]
  0x00000206cb9c4830 ConcurrentGCThread "G1 Refine#0"               [id=23180, stack(0x000000dc33100000,0x000000dc33200000) (1024K)]
  0x00000206cb9ca570 ConcurrentGCThread "G1 Service"                [id=360, stack(0x000000dc33200000,0x000000dc33300000) (1024K)]
Total: 7

Threads with active compile tasks:
C2 CompilerThread1  930 1575       4       jdk.jfr.internal.MetadataWriter::write (168 bytes)
Total: 1

VM state: not at safepoint (normal execution)

VM Mutex/Monitor currently owned by a thread: None

Heap address: 0x0000000702600000, size: 4058 MB, Compressed Oops mode: Zero based, Oop shift amount: 3

CDS archive(s) mapped at: [0x000000002c000000-0x000000002cdd0000-0x000000002cdd0000), size 14483456, SharedBaseAddress: 0x000000002c000000, ArchiveRelocationMode: 1.
Compressed class space mapped at: 0x000000002d000000-0x000000006d000000, reserved size: 1073741824
UseCompressedClassPointers 1, UseCompactObjectHeaders 0
Narrow klass pointer bits 32, Max shift 3
Narrow klass base: 0x000000002c000000, Narrow klass shift: 0
Encoding Range: [0x000000002c000000 - 0x000000012c000000), (4294967296 bytes)
Klass Range:    [0x000000002c010000 - 0x000000006d000000), (1090453504 bytes)
Klass ID Range:  [65536 - 1090519033) (1090453497)
Protection zone: [0x000000002c000000 - 0x000000002c010000), (65536 bytes)

GC Precious Log:
 CardTable entry size: 512
 Card Set container configuration: InlinePtr #cards 4 size 8 Array Of Cards #cards 16 size 48 Howl #buckets 8 coarsen threshold 3686 Howl Bitmap #cards 512 size 80 coarsen threshold 460 Card regions per heap region 1 cards per card region 4096
 CPUs: 12 total, 12 available
 Memory: 16225M
 Large Page Support: Disabled
 NUMA Support: Disabled
 Compressed Oops: Enabled (Zero based)
 Heap Region Size: 2M
 Heap Min Capacity: 8M
 Heap Initial Capacity: 254M
 Heap Max Capacity: 4058M
 Pre-touch: Disabled
 Parallel Workers: 10
 Concurrent Workers: 3
 Concurrent Refinement Workers: 10
 Periodic GC: Disabled
 G1 Time-Based Heap Sizing enabled (uncommit-only)
 Evaluation Interval: 60s, Uncommit Delay: 300s, Min Regions To Uncommit: 10

Heap:
 garbage-first heap   total reserved 4155392K, committed 262144K, used 25747K [0x0000000702600000, 0x0000000800000000)
  region size 2048K, 14 young (28672K), 0 survivors (0K)

Heap Regions: E=young(eden), S=young(survivor), O=old, HS=humongous(starts), HC=humongous(continues), CS=collection set, F=free, TAMS=top-at-mark-start, PB=parsable bottom
|   0|0x0000000702600000, 0x0000000702600000, 0x0000000702800000|  0%| F|  |TAMS 0x0000000702600000| PB 0x0000000702600000| Untracked |  0
|   1|0x0000000702800000, 0x0000000702800000, 0x0000000702a00000|  0%| F|  |TAMS 0x0000000702800000| PB 0x0000000702800000| Untracked |  0
|   2|0x0000000702a00000, 0x0000000702a00000, 0x0000000702c00000|  0%| F|  |TAMS 0x0000000702a00000| PB 0x0000000702a00000| Untracked |  0
|   3|0x0000000702c00000, 0x0000000702c00000, 0x0000000702e00000|  0%| F|  |TAMS 0x0000000702c00000| PB 0x0000000702c00000| Untracked |  0
|   4|0x0000000702e00000, 0x0000000702e00000, 0x0000000703000000|  0%| F|  |TAMS 0x0000000702e00000| PB 0x0000000702e00000| Untracked |  0
|   5|0x0000000703000000, 0x0000000703000000, 0x0000000703200000|  0%| F|  |TAMS 0x0000000703000000| PB 0x0000000703000000| Untracked |  0
|   6|0x0000000703200000, 0x0000000703200000, 0x0000000703400000|  0%| F|  |TAMS 0x0000000703200000| PB 0x0000000703200000| Untracked |  0
|   7|0x0000000703400000, 0x0000000703400000, 0x0000000703600000|  0%| F|  |TAMS 0x0000000703400000| PB 0x0000000703400000| Untracked |  0
|   8|0x0000000703600000, 0x0000000703600000, 0x0000000703800000|  0%| F|  |TAMS 0x0000000703600000| PB 0x0000000703600000| Untracked |  0
|   9|0x0000000703800000, 0x0000000703800000, 0x0000000703a00000|  0%| F|  |TAMS 0x0000000703800000| PB 0x0000000703800000| Untracked |  0
|  10|0x0000000703a00000, 0x0000000703a00000, 0x0000000703c00000|  0%| F|  |TAMS 0x0000000703a00000| PB 0x0000000703a00000| Untracked |  0
|  11|0x0000000703c00000, 0x0000000703c00000, 0x0000000703e00000|  0%| F|  |TAMS 0x0000000703c00000| PB 0x0000000703c00000| Untracked |  0
|  12|0x0000000703e00000, 0x0000000703e00000, 0x0000000704000000|  0%| F|  |TAMS 0x0000000703e00000| PB 0x0000000703e00000| Untracked |  0
|  13|0x0000000704000000, 0x0000000704000000, 0x0000000704200000|  0%| F|  |TAMS 0x0000000704000000| PB 0x0000000704000000| Untracked |  0
|  14|0x0000000704200000, 0x0000000704200000, 0x0000000704400000|  0%| F|  |TAMS 0x0000000704200000| PB 0x0000000704200000| Untracked |  0
|  15|0x0000000704400000, 0x0000000704400000, 0x0000000704600000|  0%| F|  |TAMS 0x0000000704400000| PB 0x0000000704400000| Untracked |  0
|  16|0x0000000704600000, 0x0000000704600000, 0x0000000704800000|  0%| F|  |TAMS 0x0000000704600000| PB 0x0000000704600000| Untracked |  0
|  17|0x0000000704800000, 0x0000000704800000, 0x0000000704a00000|  0%| F|  |TAMS 0x0000000704800000| PB 0x0000000704800000| Untracked |  0
|  18|0x0000000704a00000, 0x0000000704a00000, 0x0000000704c00000|  0%| F|  |TAMS 0x0000000704a00000| PB 0x0000000704a00000| Untracked |  0
|  19|0x0000000704c00000, 0x0000000704c00000, 0x0000000704e00000|  0%| F|  |TAMS 0x0000000704c00000| PB 0x0000000704c00000| Untracked |  0
|  20|0x0000000704e00000, 0x0000000704e00000, 0x0000000705000000|  0%| F|  |TAMS 0x0000000704e00000| PB 0x0000000704e00000| Untracked |  0
|  21|0x0000000705000000, 0x0000000705000000, 0x0000000705200000|  0%| F|  |TAMS 0x0000000705000000| PB 0x0000000705000000| Untracked |  0
|  22|0x0000000705200000, 0x0000000705200000, 0x0000000705400000|  0%| F|  |TAMS 0x0000000705200000| PB 0x0000000705200000| Untracked |  0
|  23|0x0000000705400000, 0x0000000705400000, 0x0000000705600000|  0%| F|  |TAMS 0x0000000705400000| PB 0x0000000705400000| Untracked |  0
|  24|0x0000000705600000, 0x0000000705600000, 0x0000000705800000|  0%| F|  |TAMS 0x0000000705600000| PB 0x0000000705600000| Untracked |  0
|  25|0x0000000705800000, 0x0000000705800000, 0x0000000705a00000|  0%| F|  |TAMS 0x0000000705800000| PB 0x0000000705800000| Untracked |  0
|  26|0x0000000705a00000, 0x0000000705a00000, 0x0000000705c00000|  0%| F|  |TAMS 0x0000000705a00000| PB 0x0000000705a00000| Untracked |  0
|  27|0x0000000705c00000, 0x0000000705c00000, 0x0000000705e00000|  0%| F|  |TAMS 0x0000000705c00000| PB 0x0000000705c00000| Untracked |  0
|  28|0x0000000705e00000, 0x0000000705e00000, 0x0000000706000000|  0%| F|  |TAMS 0x0000000705e00000| PB 0x0000000705e00000| Untracked |  0
|  29|0x0000000706000000, 0x0000000706000000, 0x0000000706200000|  0%| F|  |TAMS 0x0000000706000000| PB 0x0000000706000000| Untracked |  0
|  30|0x0000000706200000, 0x0000000706200000, 0x0000000706400000|  0%| F|  |TAMS 0x0000000706200000| PB 0x0000000706200000| Untracked |  0
|  31|0x0000000706400000, 0x0000000706400000, 0x0000000706600000|  0%| F|  |TAMS 0x0000000706400000| PB 0x0000000706400000| Untracked |  0
|  32|0x0000000706600000, 0x0000000706600000, 0x0000000706800000|  0%| F|  |TAMS 0x0000000706600000| PB 0x0000000706600000| Untracked |  0
|  33|0x0000000706800000, 0x0000000706800000, 0x0000000706a00000|  0%| F|  |TAMS 0x0000000706800000| PB 0x0000000706800000| Untracked |  0
|  34|0x0000000706a00000, 0x0000000706a00000, 0x0000000706c00000|  0%| F|  |TAMS 0x0000000706a00000| PB 0x0000000706a00000| Untracked |  0
|  35|0x0000000706c00000, 0x0000000706c00000, 0x0000000706e00000|  0%| F|  |TAMS 0x0000000706c00000| PB 0x0000000706c00000| Untracked |  0
|  36|0x0000000706e00000, 0x0000000706e00000, 0x0000000707000000|  0%| F|  |TAMS 0x0000000706e00000| PB 0x0000000706e00000| Untracked |  0
|  37|0x0000000707000000, 0x0000000707000000, 0x0000000707200000|  0%| F|  |TAMS 0x0000000707000000| PB 0x0000000707000000| Untracked |  0
|  38|0x0000000707200000, 0x0000000707200000, 0x0000000707400000|  0%| F|  |TAMS 0x0000000707200000| PB 0x0000000707200000| Untracked |  0
|  39|0x0000000707400000, 0x0000000707400000, 0x0000000707600000|  0%| F|  |TAMS 0x0000000707400000| PB 0x0000000707400000| Untracked |  0
|  40|0x0000000707600000, 0x0000000707600000, 0x0000000707800000|  0%| F|  |TAMS 0x0000000707600000| PB 0x0000000707600000| Untracked |  0
|  41|0x0000000707800000, 0x0000000707800000, 0x0000000707a00000|  0%| F|  |TAMS 0x0000000707800000| PB 0x0000000707800000| Untracked |  0
|  42|0x0000000707a00000, 0x0000000707a00000, 0x0000000707c00000|  0%| F|  |TAMS 0x0000000707a00000| PB 0x0000000707a00000| Untracked |  0
|  43|0x0000000707c00000, 0x0000000707c00000, 0x0000000707e00000|  0%| F|  |TAMS 0x0000000707c00000| PB 0x0000000707c00000| Untracked |  0
|  44|0x0000000707e00000, 0x0000000707e00000, 0x0000000708000000|  0%| F|  |TAMS 0x0000000707e00000| PB 0x0000000707e00000| Untracked |  0
|  45|0x0000000708000000, 0x0000000708000000, 0x0000000708200000|  0%| F|  |TAMS 0x0000000708000000| PB 0x0000000708000000| Untracked |  0
|  46|0x0000000708200000, 0x0000000708200000, 0x0000000708400000|  0%| F|  |TAMS 0x0000000708200000| PB 0x0000000708200000| Untracked |  0
|  47|0x0000000708400000, 0x0000000708400000, 0x0000000708600000|  0%| F|  |TAMS 0x0000000708400000| PB 0x0000000708400000| Untracked |  0
|  48|0x0000000708600000, 0x0000000708600000, 0x0000000708800000|  0%| F|  |TAMS 0x0000000708600000| PB 0x0000000708600000| Untracked |  0
|  49|0x0000000708800000, 0x0000000708800000, 0x0000000708a00000|  0%| F|  |TAMS 0x0000000708800000| PB 0x0000000708800000| Untracked |  0
|  50|0x0000000708a00000, 0x0000000708a00000, 0x0000000708c00000|  0%| F|  |TAMS 0x0000000708a00000| PB 0x0000000708a00000| Untracked |  0
|  51|0x0000000708c00000, 0x0000000708c00000, 0x0000000708e00000|  0%| F|  |TAMS 0x0000000708c00000| PB 0x0000000708c00000| Untracked |  0
|  52|0x0000000708e00000, 0x0000000708e00000, 0x0000000709000000|  0%| F|  |TAMS 0x0000000708e00000| PB 0x0000000708e00000| Untracked |  0
|  53|0x0000000709000000, 0x0000000709000000, 0x0000000709200000|  0%| F|  |TAMS 0x0000000709000000| PB 0x0000000709000000| Untracked |  0
|  54|0x0000000709200000, 0x0000000709200000, 0x0000000709400000|  0%| F|  |TAMS 0x0000000709200000| PB 0x0000000709200000| Untracked |  0
|  55|0x0000000709400000, 0x0000000709400000, 0x0000000709600000|  0%| F|  |TAMS 0x0000000709400000| PB 0x0000000709400000| Untracked |  0
|  56|0x0000000709600000, 0x0000000709600000, 0x0000000709800000|  0%| F|  |TAMS 0x0000000709600000| PB 0x0000000709600000| Untracked |  0
|  57|0x0000000709800000, 0x0000000709800000, 0x0000000709a00000|  0%| F|  |TAMS 0x0000000709800000| PB 0x0000000709800000| Untracked |  0
|  58|0x0000000709a00000, 0x0000000709a00000, 0x0000000709c00000|  0%| F|  |TAMS 0x0000000709a00000| PB 0x0000000709a00000| Untracked |  0
|  59|0x0000000709c00000, 0x0000000709c00000, 0x0000000709e00000|  0%| F|  |TAMS 0x0000000709c00000| PB 0x0000000709c00000| Untracked |  0
|  60|0x0000000709e00000, 0x0000000709e00000, 0x000000070a000000|  0%| F|  |TAMS 0x0000000709e00000| PB 0x0000000709e00000| Untracked |  0
|  61|0x000000070a000000, 0x000000070a000000, 0x000000070a200000|  0%| F|  |TAMS 0x000000070a000000| PB 0x000000070a000000| Untracked |  0
|  62|0x000000070a200000, 0x000000070a200000, 0x000000070a400000|  0%| F|  |TAMS 0x000000070a200000| PB 0x000000070a200000| Untracked |  0
|  63|0x000000070a400000, 0x000000070a400000, 0x000000070a600000|  0%| F|  |TAMS 0x000000070a400000| PB 0x000000070a400000| Untracked |  0
|  64|0x000000070a600000, 0x000000070a600000, 0x000000070a800000|  0%| F|  |TAMS 0x000000070a600000| PB 0x000000070a600000| Untracked |  0
|  65|0x000000070a800000, 0x000000070a800000, 0x000000070aa00000|  0%| F|  |TAMS 0x000000070a800000| PB 0x000000070a800000| Untracked |  0
|  66|0x000000070aa00000, 0x000000070aa00000, 0x000000070ac00000|  0%| F|  |TAMS 0x000000070aa00000| PB 0x000000070aa00000| Untracked |  0
|  67|0x000000070ac00000, 0x000000070ac00000, 0x000000070ae00000|  0%| F|  |TAMS 0x000000070ac00000| PB 0x000000070ac00000| Untracked |  0
|  68|0x000000070ae00000, 0x000000070ae00000, 0x000000070b000000|  0%| F|  |TAMS 0x000000070ae00000| PB 0x000000070ae00000| Untracked |  0
|  69|0x000000070b000000, 0x000000070b000000, 0x000000070b200000|  0%| F|  |TAMS 0x000000070b000000| PB 0x000000070b000000| Untracked |  0
|  70|0x000000070b200000, 0x000000070b200000, 0x000000070b400000|  0%| F|  |TAMS 0x000000070b200000| PB 0x000000070b200000| Untracked |  0
|  71|0x000000070b400000, 0x000000070b400000, 0x000000070b600000|  0%| F|  |TAMS 0x000000070b400000| PB 0x000000070b400000| Untracked |  0
|  72|0x000000070b600000, 0x000000070b600000, 0x000000070b800000|  0%| F|  |TAMS 0x000000070b600000| PB 0x000000070b600000| Untracked |  0
|  73|0x000000070b800000, 0x000000070b800000, 0x000000070ba00000|  0%| F|  |TAMS 0x000000070b800000| PB 0x000000070b800000| Untracked |  0
|  74|0x000000070ba00000, 0x000000070ba00000, 0x000000070bc00000|  0%| F|  |TAMS 0x000000070ba00000| PB 0x000000070ba00000| Untracked |  0
|  75|0x000000070bc00000, 0x000000070bc00000, 0x000000070be00000|  0%| F|  |TAMS 0x000000070bc00000| PB 0x000000070bc00000| Untracked |  0
|  76|0x000000070be00000, 0x000000070be00000, 0x000000070c000000|  0%| F|  |TAMS 0x000000070be00000| PB 0x000000070be00000| Untracked |  0
|  77|0x000000070c000000, 0x000000070c000000, 0x000000070c200000|  0%| F|  |TAMS 0x000000070c000000| PB 0x000000070c000000| Untracked |  0
|  78|0x000000070c200000, 0x000000070c200000, 0x000000070c400000|  0%| F|  |TAMS 0x000000070c200000| PB 0x000000070c200000| Untracked |  0
|  79|0x000000070c400000, 0x000000070c400000, 0x000000070c600000|  0%| F|  |TAMS 0x000000070c400000| PB 0x000000070c400000| Untracked |  0
|  80|0x000000070c600000, 0x000000070c600000, 0x000000070c800000|  0%| F|  |TAMS 0x000000070c600000| PB 0x000000070c600000| Untracked |  0
|  81|0x000000070c800000, 0x000000070c800000, 0x000000070ca00000|  0%| F|  |TAMS 0x000000070c800000| PB 0x000000070c800000| Untracked |  0
|  82|0x000000070ca00000, 0x000000070ca00000, 0x000000070cc00000|  0%| F|  |TAMS 0x000000070ca00000| PB 0x000000070ca00000| Untracked |  0
|  83|0x000000070cc00000, 0x000000070cc00000, 0x000000070ce00000|  0%| F|  |TAMS 0x000000070cc00000| PB 0x000000070cc00000| Untracked |  0
|  84|0x000000070ce00000, 0x000000070ce00000, 0x000000070d000000|  0%| F|  |TAMS 0x000000070ce00000| PB 0x000000070ce00000| Untracked |  0
|  85|0x000000070d000000, 0x000000070d000000, 0x000000070d200000|  0%| F|  |TAMS 0x000000070d000000| PB 0x000000070d000000| Untracked |  0
|  86|0x000000070d200000, 0x000000070d200000, 0x000000070d400000|  0%| F|  |TAMS 0x000000070d200000| PB 0x000000070d200000| Untracked |  0
|  87|0x000000070d400000, 0x000000070d400000, 0x000000070d600000|  0%| F|  |TAMS 0x000000070d400000| PB 0x000000070d400000| Untracked |  0
|  88|0x000000070d600000, 0x000000070d600000, 0x000000070d800000|  0%| F|  |TAMS 0x000000070d600000| PB 0x000000070d600000| Untracked |  0
|  89|0x000000070d800000, 0x000000070d800000, 0x000000070da00000|  0%| F|  |TAMS 0x000000070d800000| PB 0x000000070d800000| Untracked |  0
|  90|0x000000070da00000, 0x000000070da00000, 0x000000070dc00000|  0%| F|  |TAMS 0x000000070da00000| PB 0x000000070da00000| Untracked |  0
|  91|0x000000070dc00000, 0x000000070dc00000, 0x000000070de00000|  0%| F|  |TAMS 0x000000070dc00000| PB 0x000000070dc00000| Untracked |  0
|  92|0x000000070de00000, 0x000000070de00000, 0x000000070e000000|  0%| F|  |TAMS 0x000000070de00000| PB 0x000000070de00000| Untracked |  0
|  93|0x000000070e000000, 0x000000070e000000, 0x000000070e200000|  0%| F|  |TAMS 0x000000070e000000| PB 0x000000070e000000| Untracked |  0
|  94|0x000000070e200000, 0x000000070e200000, 0x000000070e400000|  0%| F|  |TAMS 0x000000070e200000| PB 0x000000070e200000| Untracked |  0
|  95|0x000000070e400000, 0x000000070e400000, 0x000000070e600000|  0%| F|  |TAMS 0x000000070e400000| PB 0x000000070e400000| Untracked |  0
|  96|0x000000070e600000, 0x000000070e600000, 0x000000070e800000|  0%| F|  |TAMS 0x000000070e600000| PB 0x000000070e600000| Untracked |  0
|  97|0x000000070e800000, 0x000000070e800000, 0x000000070ea00000|  0%| F|  |TAMS 0x000000070e800000| PB 0x000000070e800000| Untracked |  0
|  98|0x000000070ea00000, 0x000000070ea00000, 0x000000070ec00000|  0%| F|  |TAMS 0x000000070ea00000| PB 0x000000070ea00000| Untracked |  0
|  99|0x000000070ec00000, 0x000000070ec00000, 0x000000070ee00000|  0%| F|  |TAMS 0x000000070ec00000| PB 0x000000070ec00000| Untracked |  0
| 100|0x000000070ee00000, 0x000000070ee00000, 0x000000070f000000|  0%| F|  |TAMS 0x000000070ee00000| PB 0x000000070ee00000| Untracked |  0
| 101|0x000000070f000000, 0x000000070f000000, 0x000000070f200000|  0%| F|  |TAMS 0x000000070f000000| PB 0x000000070f000000| Untracked |  0
| 102|0x000000070f200000, 0x000000070f200000, 0x000000070f400000|  0%| F|  |TAMS 0x000000070f200000| PB 0x000000070f200000| Untracked |  0
| 103|0x000000070f400000, 0x000000070f400000, 0x000000070f600000|  0%| F|  |TAMS 0x000000070f400000| PB 0x000000070f400000| Untracked |  0
| 104|0x000000070f600000, 0x000000070f600000, 0x000000070f800000|  0%| F|  |TAMS 0x000000070f600000| PB 0x000000070f600000| Untracked |  0
| 105|0x000000070f800000, 0x000000070f800000, 0x000000070fa00000|  0%| F|  |TAMS 0x000000070f800000| PB 0x000000070f800000| Untracked |  0
| 106|0x000000070fa00000, 0x000000070fa00000, 0x000000070fc00000|  0%| F|  |TAMS 0x000000070fa00000| PB 0x000000070fa00000| Untracked |  0
| 107|0x000000070fc00000, 0x000000070fc00000, 0x000000070fe00000|  0%| F|  |TAMS 0x000000070fc00000| PB 0x000000070fc00000| Untracked |  0
| 108|0x000000070fe00000, 0x000000070fe00000, 0x0000000710000000|  0%| F|  |TAMS 0x000000070fe00000| PB 0x000000070fe00000| Untracked |  0
| 109|0x0000000710000000, 0x0000000710000000, 0x0000000710200000|  0%| F|  |TAMS 0x0000000710000000| PB 0x0000000710000000| Untracked |  0
| 110|0x0000000710200000, 0x0000000710200000, 0x0000000710400000|  0%| F|  |TAMS 0x0000000710200000| PB 0x0000000710200000| Untracked |  0
| 111|0x0000000710400000, 0x0000000710400000, 0x0000000710600000|  0%| F|  |TAMS 0x0000000710400000| PB 0x0000000710400000| Untracked |  0
| 112|0x0000000710600000, 0x0000000710600000, 0x0000000710800000|  0%| F|  |TAMS 0x0000000710600000| PB 0x0000000710600000| Untracked |  0
| 113|0x0000000710800000, 0x00000007109eb898, 0x0000000710a00000| 96%| E|  |TAMS 0x0000000710800000| PB 0x0000000710800000| Complete |  0
| 114|0x0000000710a00000, 0x0000000710c00000, 0x0000000710c00000|100%| E|CS|TAMS 0x0000000710a00000| PB 0x0000000710a00000| Complete |  0
| 115|0x0000000710c00000, 0x0000000710e00000, 0x0000000710e00000|100%| E|CS|TAMS 0x0000000710c00000| PB 0x0000000710c00000| Complete |  0
| 116|0x0000000710e00000, 0x0000000711000000, 0x0000000711000000|100%| E|CS|TAMS 0x0000000710e00000| PB 0x0000000710e00000| Complete |  0
| 117|0x0000000711000000, 0x0000000711200000, 0x0000000711200000|100%| E|CS|TAMS 0x0000000711000000| PB 0x0000000711000000| Complete |  0
| 118|0x0000000711200000, 0x0000000711400000, 0x0000000711400000|100%| E|CS|TAMS 0x0000000711200000| PB 0x0000000711200000| Complete |  0
| 119|0x0000000711400000, 0x0000000711600000, 0x0000000711600000|100%| E|CS|TAMS 0x0000000711400000| PB 0x0000000711400000| Complete |  0
| 120|0x0000000711600000, 0x0000000711800000, 0x0000000711800000|100%| E|  |TAMS 0x0000000711600000| PB 0x0000000711600000| Complete |  0
| 121|0x0000000711800000, 0x0000000711a00000, 0x0000000711a00000|100%| E|CS|TAMS 0x0000000711800000| PB 0x0000000711800000| Complete |  0
| 122|0x0000000711a00000, 0x0000000711c00000, 0x0000000711c00000|100%| E|CS|TAMS 0x0000000711a00000| PB 0x0000000711a00000| Complete |  0
| 123|0x0000000711c00000, 0x0000000711e00000, 0x0000000711e00000|100%| E|CS|TAMS 0x0000000711c00000| PB 0x0000000711c00000| Complete |  0
| 124|0x0000000711e00000, 0x0000000712000000, 0x0000000712000000|100%| E|CS|TAMS 0x0000000711e00000| PB 0x0000000711e00000| Complete |  0
| 125|0x0000000712000000, 0x0000000712200000, 0x0000000712200000|100%| E|CS|TAMS 0x0000000712000000| PB 0x0000000712000000| Complete |  0
| 126|0x0000000712200000, 0x0000000712400000, 0x0000000712400000|100%| E|CS|TAMS 0x0000000712200000| PB 0x0000000712200000| Complete |  0
|2028|0x00000007ffe00000, 0x00000007fff24de0, 0x0000000800000000| 57%| O|  |TAMS 0x00000007ffe00000| PB 0x00000007ffe00000| Untracked |  0

Card table byte_map: [0x00000206e52a0000,0x00000206e5a90000] _byte_map_base: 0x00000206e1a8d000

Marking Bits: (CMBitMap*) 0x00000206cb955cd0
 Bits: [0x00000206e5a90000, 0x00000206e99f8000)

Polling page: 0x00000206c9fa0000

Metaspace:
Metaspace        used 6927K, committed 7104K, reserved 1114112K
 class space     used 591K, committed 704K, reserved 1048576K

Usage:
  Non-class:      6.19 MB used.
      Class:    591.86 KB used.
       Both:      6.77 MB used.

Virtual space:
  Non-class space:       64.00 MB reserved,       6.25 MB ( 10%) committed,  1 nodes.
      Class space:        1.00 GB reserved,     704.00 KB ( <1%) committed,  1 nodes.
             Both:        1.06 GB reserved,       6.94 MB ( <1%) committed. 

Chunk freelists:
   Non-Class:  9.00 MB
       Class:  15.24 MB
        Both:  24.24 MB

MaxMetaspaceSize: unlimited
CompressedClassSpaceSize: 1.00 GB
Initial GC threshold: 21.00 MB
Current GC threshold: 21.00 MB
CDS: on
 - commit_granule_bytes: 65536.
 - commit_granule_words: 8192.
 - virtual_space_node_default_size: 8388608.
 - enlarge_chunks_in_place: 1.
UseCompressedClassPointers 1, UseCompactObjectHeaders 0
Narrow klass pointer bits 32, Max shift 3
Narrow klass base: 0x000000002c000000, Narrow klass shift: 0
Encoding Range: [0x000000002c000000 - 0x000000012c000000), (4294967296 bytes)
Klass Range:    [0x000000002c010000 - 0x000000006d000000), (1090453504 bytes)
Klass ID Range:  [65536 - 1090519033) (1090453497)
Protection zone: [0x000000002c000000 - 0x000000002c010000), (65536 bytes)


Internal statistics:

num_allocs_failed_limit: 0.
num_arena_births: 52.
num_arena_deaths: 0.
num_vsnodes_births: 2.
num_vsnodes_deaths: 0.
num_space_committed: 111.
num_space_uncommitted: 0.
num_chunks_returned_to_freelist: 0.
num_chunks_taken_from_freelist: 68.
num_chunk_merges: 0.
num_chunk_splits: 42.
num_chunks_enlarged: 24.
num_inconsistent_stats: 0.

CodeHeap 'non-profiled nmethods': size=120064Kb used=435Kb max_used=435Kb free=119628Kb
 bounds [0x00000206dcad0000, 0x00000206dcd40000, 0x00000206e4010000]
CodeHeap 'profiled nmethods': size=120000Kb used=2157Kb max_used=2157Kb free=117842Kb
 bounds [0x00000206d5010000, 0x00000206d5280000, 0x00000206dc540000]
CodeHeap 'non-nmethods': size=5696Kb used=1362Kb max_used=1405Kb free=4333Kb
 bounds [0x00000206dc540000, 0x00000206dc7b0000, 0x00000206dcad0000]
CodeCache: size=245760Kb, used=3954Kb, max_used=3997Kb, free=241803Kb
 total_blobs=2081, nmethods=1587, adapters=398, full_count=0
Compilation: enabled, stopped_count=0, restarted_count=0

Compilation events (20 events):
Event: 0.790 Thread 0x00000206cba62710 1290       1       sun.invoke.util.Wrapper::basicClassDescriptor (5 bytes)
Event: 0.791 Thread 0x00000206cba62710 nmethod 1290 0x00000206dcb3af08 code [0x00000206dcb3b000, 0x00000206dcb3b0c8]
Event: 0.791 Thread 0x00000206cba62710 1467       1       jdk.internal.util.ClassFileDumper::isEnabled (5 bytes)
Event: 0.791 Thread 0x00000206cba62710 nmethod 1467 0x00000206dcb3b208 code [0x00000206dcb3b300, 0x00000206dcb3b3c8]
Event: 0.791 Thread 0x00000206cba62710 1268       1       java.lang.invoke.DirectMethodHandle::internalMemberName (5 bytes)
Event: 0.791 Thread 0x00000206cba62710 nmethod 1268 0x00000206dcb3b508 code [0x00000206dcb3b600, 0x00000206dcb3b6c8]
Event: 0.791 Thread 0x00000206cba62710 1472       1       jdk.internal.classfile.impl.BufWriterImpl::getMajorVersion (5 bytes)
Event: 0.791 Thread 0x00000206cba62710 nmethod 1472 0x00000206dcb3b808 code [0x00000206dcb3b900, 0x00000206dcb3b9c8]
Event: 0.791 Thread 0x00000206cba62710 1473       1       jdk.internal.classfile.impl.RawBytecodeHelper$CodeRange::length (5 bytes)
Event: 0.791 Thread 0x00000206cba62710 nmethod 1473 0x00000206dcb3bb08 code [0x00000206dcb3bc00, 0x00000206dcb3bcc8]
Event: 0.791 Thread 0x00000206cba62710 1474       1       jdk.internal.classfile.impl.StackMapGenerator::maxStack (5 bytes)
Event: 0.791 Thread 0x00000206cba62710 nmethod 1474 0x00000206dcb3be08 code [0x00000206dcb3bf00, 0x00000206dcb3bfc8]
Event: 0.791 Thread 0x00000206cba62710 1475       1       jdk.internal.classfile.impl.StackMapGenerator::maxLocals (5 bytes)
Event: 0.791 Thread 0x00000206cba62710 nmethod 1475 0x00000206dcb3c108 code [0x00000206dcb3c200, 0x00000206dcb3c2c8]
Event: 0.791 Thread 0x00000206cba62710 1492       1       java.lang.invoke.LambdaForm$Name::type (5 bytes)
Event: 0.791 Thread 0x00000206cba62710 nmethod 1492 0x00000206dcb3c408 code [0x00000206dcb3c500, 0x00000206dcb3c5c8]
Event: 0.791 Thread 0x00000206cba62710 1431       1       java.lang.invoke.MethodType::rtype (5 bytes)
Event: 0.791 Thread 0x00000206cba62710 nmethod 1431 0x00000206dcb3c708 code [0x00000206dcb3c800, 0x00000206dcb3c8c8]
Event: 0.791 Thread 0x00000206cba62710 1505       1       java.time.zone.ZoneOffsetTransition::getOffsetBefore (5 bytes)
Event: 0.791 Thread 0x00000206cba62710 nmethod 1505 0x00000206dcb3ca08 code [0x00000206dcb3cb00, 0x00000206dcb3cbc8]

GC Heap Usage History (0 events):
No events

Metaspace Usage History (0 events):
No events

Dll operation events (9 events):
Event: 0.056 Loaded shared library C:\Users\mstor\.jdks\ms-25.0.1\bin\java.dll
Event: 0.058 Loaded shared library C:\Users\mstor\.jdks\ms-25.0.1\bin\zip.dll
Event: 0.287 Loaded shared library C:\Users\mstor\.jdks\ms-25.0.1\bin\instrument.dll
Event: 0.291 Loaded shared library C:\Users\mstor\.jdks\ms-25.0.1\bin\net.dll
Event: 0.293 Loaded shared library C:\Users\mstor\.jdks\ms-25.0.1\bin\nio.dll
Event: 0.297 Loaded shared library C:\Users\mstor\.jdks\ms-25.0.1\bin\zip.dll
Event: 0.322 Loaded shared library C:\Users\mstor\.jdks\ms-25.0.1\bin\verify.dll
Event: 0.358 Loaded shared library C:\Users\mstor\.jdks\ms-25.0.1\bin\extnet.dll
Event: 0.419 Loaded shared library C:\Users\mstor\.jdks\ms-25.0.1\bin\jimage.dll

Deoptimization events (20 events):
Event: 0.676 Thread 0x00000206cbdee7a0 Uncommon trap: trap_request=0xffffffde fr.pc=0x00000206dcb1c778 relative=0x0000000000000078
Event: 0.676 Thread 0x00000206cbdee7a0 Uncommon trap: reason=class_check action=maybe_recompile pc=0x00000206dcb1c778 method=jdk.jfr.EventSettings$InternalAccess.getType(Ljava/lang/Object;)Ljdk/jfr/internal/Type; @ 18 c2
Event: 0.676 Thread 0x00000206cbdee7a0 DEOPT PACKING pc=0x00000206dcb1c778 sp=0x000000dc32dfe420
Event: 0.676 Thread 0x00000206cbdee7a0 DEOPT UNPACKING pc=0x00000206dc661b02 sp=0x000000dc32dfe3b8 mode 2
Event: 0.676 Thread 0x00000206cbdee7a0 Uncommon trap: trap_request=0xffffffde fr.pc=0x00000206dcb1c778 relative=0x0000000000000078
Event: 0.676 Thread 0x00000206cbdee7a0 Uncommon trap: reason=class_check action=maybe_recompile pc=0x00000206dcb1c778 method=jdk.jfr.EventSettings$InternalAccess.getType(Ljava/lang/Object;)Ljdk/jfr/internal/Type; @ 18 c2
Event: 0.676 Thread 0x00000206cbdee7a0 DEOPT PACKING pc=0x00000206dcb1c778 sp=0x000000dc32dfe420
Event: 0.676 Thread 0x00000206cbdee7a0 DEOPT UNPACKING pc=0x00000206dc661b02 sp=0x000000dc32dfe3b8 mode 2
Event: 0.677 Thread 0x00000206cbdee7a0 Uncommon trap: trap_request=0xffffffde fr.pc=0x00000206dcb1c778 relative=0x0000000000000078
Event: 0.677 Thread 0x00000206cbdee7a0 Uncommon trap: reason=class_check action=maybe_recompile pc=0x00000206dcb1c778 method=jdk.jfr.EventSettings$InternalAccess.getType(Ljava/lang/Object;)Ljdk/jfr/internal/Type; @ 18 c2
Event: 0.677 Thread 0x00000206cbdee7a0 DEOPT PACKING pc=0x00000206dcb1c778 sp=0x000000dc32dfe420
Event: 0.677 Thread 0x00000206cbdee7a0 DEOPT UNPACKING pc=0x00000206dc661b02 sp=0x000000dc32dfe3b8 mode 2
Event: 0.688 Thread 0x00000206cbdee7a0 DEOPT PACKING pc=0x00000206d516d4ab sp=0x000000dc32dfe130
Event: 0.688 Thread 0x00000206cbdee7a0 DEOPT UNPACKING pc=0x00000206dc591702 sp=0x000000dc32dfd590 mode 0
Event: 0.703 Thread 0x00000206cbdee7a0 Uncommon trap: trap_request=0xffffffcc fr.pc=0x00000206dcb28a90 relative=0x0000000000000290
Event: 0.703 Thread 0x00000206cbdee7a0 Uncommon trap: reason=intrinsic_or_type_checked_inlining action=make_not_entrant pc=0x00000206dcb28a90 method=java.util.Arrays.copyOf([Ljava/lang/Object;ILjava/lang/Class;)[Ljava/lang/Object; @ 35 c2
Event: 0.703 Thread 0x00000206cbdee7a0 DEOPT PACKING pc=0x00000206dcb28a90 sp=0x000000dc32dfe270
Event: 0.703 Thread 0x00000206cbdee7a0 DEOPT UNPACKING pc=0x00000206dc661b02 sp=0x000000dc32dfe228 mode 2
Event: 0.771 Thread 0x00000206cbdee7a0 DEOPT PACKING pc=0x00000206d516d4ab sp=0x000000dc32dfe320
Event: 0.771 Thread 0x00000206cbdee7a0 DEOPT UNPACKING pc=0x00000206dc591702 sp=0x000000dc32dfd780 mode 0

Classes loaded (20 events):
Event: 0.770 Loading class jdk/jfr/internal/SettingsManager$InternalSetting
Event: 0.771 Loading class jdk/jfr/internal/SettingsManager$InternalSetting done
Event: 0.772 Loading class jdk/jfr/internal/util/Rate
Event: 0.772 Loading class jdk/jfr/internal/util/Rate done
Event: 0.772 Loading class jdk/jfr/internal/util/TimespanUnit
Event: 0.772 Loading class jdk/jfr/internal/util/TimespanUnit done
Event: 0.772 Loading class jdk/jfr/internal/util/ValueParser
Event: 0.772 Loading class jdk/jfr/internal/util/ValueParser done
Event: 0.773 Loading class jdk/jfr/internal/util/TimespanRate
Event: 0.773 Loading class jdk/jfr/internal/util/TimespanRate done
Event: 0.774 Loading class java/util/TreeSet
Event: 0.774 Loading class java/util/TreeSet done
Event: 0.774 Loading class java/util/TreeMap
Event: 0.774 Loading class java/util/TreeMap done
Event: 0.775 Loading class java/util/TreeMap$KeySet
Event: 0.775 Loading class java/util/TreeMap$KeySet done
Event: 0.775 Loading class java/util/TreeMap$KeyIterator
Event: 0.775 Loading class java/util/TreeMap$KeyIterator done
Event: 0.776 Loading class jdk/jfr/internal/periodic/PeriodicType
Event: 0.776 Loading class jdk/jfr/internal/periodic/PeriodicType done

Classes unloaded (0 events):
No events

Classes redefined (1 events):
Event: 0.342 Thread 0x00000206cba34a10 redefined class name=java.lang.Throwable, count=1

Internal exceptions (16 events):
Event: 0.302 Thread 0x00000206cbdee7a0 Exception <a 'java/lang/NoSuchMethodError'{0x000000071216e5b8}: 'void java.lang.invoke.DirectMethodHandle$Holder.invokeStatic(java.lang.Object, java.lang.Object, java.lang.Object)'> (0x000000071216e5b8) 
thrown [s\src\hotspot\share\interpreter\linkResolver.cpp, line 804]
Event: 0.309 Thread 0x00000206cbdee7a0 Exception <a 'java/lang/NoSuchMethodError'{0x00000007121a3450}: 'java.lang.Object java.lang.invoke.Invokers$Holder.invokeExact_MT(java.lang.Object, java.lang.Object, java.lang.Object, java.lang.Object, java.lang.Object)'> (0x00000007121a3450) 
thrown [s\src\hotspot\share\interpreter\linkResolver.cpp, line 804]
Event: 0.356 Thread 0x00000206ec8674b0 Exception <a 'java/lang/NoSuchMethodError'{0x0000000711e76f30}: 'java.lang.Object java.lang.invoke.DirectMethodHandle$Holder.invokeStaticInit(java.lang.Object)'> (0x0000000711e76f30) 
thrown [s\src\hotspot\share\interpreter\linkResolver.cpp, line 804]
Event: 0.361 Thread 0x00000206ec8674b0 Exception <a 'java/lang/NoSuchMethodError'{0x0000000711e8b0e8}: 'void java.lang.invoke.DirectMethodHandle$Holder.invokeStatic(java.lang.Object, java.lang.Object)'> (0x0000000711e8b0e8) 
thrown [s\src\hotspot\share\interpreter\linkResolver.cpp, line 804]
Event: 0.514 Thread 0x00000206cbdee7a0 Exception <a 'java/lang/NoSuchMethodError'{0x00000007117d10e0}: 'java.lang.Object java.lang.invoke.DirectMethodHandle$Holder.invokeStatic(java.lang.Object, int, java.lang.Object)'> (0x00000007117d10e0) 
thrown [s\src\hotspot\share\interpreter\linkResolver.cpp, line 804]
Event: 0.540 Thread 0x00000206cbdee7a0 Exception <a 'java/lang/NoSuchMethodError'{0x0000000711544d78}: 'void java.lang.invoke.DirectMethodHandle$Holder.invokeStaticInit(java.lang.Object)'> (0x0000000711544d78) 
thrown [s\src\hotspot\share\interpreter\linkResolver.cpp, line 804]
Event: 0.559 Thread 0x00000206cbdee7a0 Exception <a 'java/lang/NoSuchMethodError'{0x00000007115fe348}: 'void java.lang.invoke.DirectMethodHandle$Holder.invokeSpecial(java.lang.Object, java.lang.Object, java.lang.Object)'> (0x00000007115fe348) 
thrown [s\src\hotspot\share\interpreter\linkResolver.cpp, line 804]
Event: 0.576 Thread 0x00000206cbdee7a0 Exception <a 'java/lang/NoSuchMethodError'{0x000000071127bf90}: 'java.lang.Object java.lang.invoke.DirectMethodHandle$Holder.newInvokeSpecial(java.lang.Object, java.lang.Object, java.lang.Object, java.lang.Object, java.lang.Object)'> (0x000000071127bf90) 
thrown [s\src\hotspot\share\interpreter\linkResolver.cpp, line 804]
Event: 0.617 Thread 0x00000206cbdee7a0 Exception <a 'java/lang/NoSuchMethodError'{0x0000000711026068}: 'long java.lang.invoke.DirectMethodHandle$Holder.invokeVirtual(java.lang.Object, java.lang.Object)'> (0x0000000711026068) 
thrown [s\src\hotspot\share\interpreter\linkResolver.cpp, line 804]
Event: 0.619 Thread 0x00000206cbdee7a0 Exception <a 'java/lang/NoSuchMethodError'{0x0000000711036eb0}: 'int java.lang.invoke.DirectMethodHandle$Holder.invokeStatic(java.lang.Object, java.lang.Object, java.lang.Object, java.lang.Object)'> (0x0000000711036eb0) 
thrown [s\src\hotspot\share\interpreter\linkResolver.cpp, line 804]
Event: 0.724 Thread 0x00000206cbdee7a0 Exception <a 'java/lang/NoSuchMethodError'{0x0000000710c8c348}: 'void java.lang.invoke.DirectMethodHandle$Holder.invokeSpecial(java.lang.Object, java.lang.Object, int)'> (0x0000000710c8c348) 
thrown [s\src\hotspot\share\interpreter\linkResolver.cpp, line 804]
Event: 0.725 Thread 0x00000206cbdee7a0 Exception <a 'java/lang/NoSuchMethodError'{0x0000000710c93fc0}: 'void java.lang.invoke.Invokers$Holder.invokeExact_MT(java.lang.Object, int, java.lang.Object)'> (0x0000000710c93fc0) 
thrown [s\src\hotspot\share\interpreter\linkResolver.cpp, line 804]
Event: 0.728 Thread 0x00000206f2f8b2b0 Exception <a 'java/lang/NoSuchMethodError'{0x0000000710cf6fb8}: 'long java.lang.invoke.DirectMethodHandle$Holder.invokeSpecial(java.lang.Object, java.lang.Object)'> (0x0000000710cf6fb8) 
thrown [s\src\hotspot\share\interpreter\linkResolver.cpp, line 804]
Event: 0.731 Thread 0x00000206cbdee7a0 Exception <a 'sun/nio/fs/WindowsException'{0x0000000710cca740}> (0x0000000710cca740) 
thrown [s\src\hotspot\share\prims\jni.cpp, line 516]
Event: 0.733 Thread 0x00000206cbdee7a0 Exception <a 'sun/nio/fs/WindowsException'{0x0000000710cd0470}> (0x0000000710cd0470) 
thrown [s\src\hotspot\share\prims\jni.cpp, line 516]
Event: 0.737 Thread 0x00000206cbdee7a0 Exception <a 'sun/nio/fs/WindowsException'{0x0000000710cd3660}> (0x0000000710cd3660) 
thrown [s\src\hotspot\share\prims\jni.cpp, line 516]

VM Operations (8 events):
Event: 0.269 Executing non-safepoint VM operation: HandshakeAllThreads (Deoptimize)
Event: 0.269 Executing non-safepoint VM operation: HandshakeAllThreads (Deoptimize) done
Event: 0.341 Executing safepoint VM operation: RedefineClasses
Event: 0.343 Executing safepoint VM operation: RedefineClasses done
Event: 0.729 Executing non-safepoint VM operation: HandshakeAllThreads (Deoptimize)
Event: 0.729 Executing non-safepoint VM operation: HandshakeAllThreads (Deoptimize) done
Event: 0.768 Executing safepoint VM operation: JFRSafepointClear
Event: 0.768 Executing safepoint VM operation: JFRSafepointClear done

Memory protections (0 events):
No events

Nmethod flushes (0 events):
No events

Events (15 events):
Event: 0.097 Thread 0x00000206cbdee7a0 Thread added: 0x00000206cbdee7a0
Event: 0.121 Thread 0x00000206cbdee7a0 Thread added: 0x00000206cba46b60
Event: 0.121 Thread 0x00000206cbdee7a0 Thread added: 0x00000206cba475c0
Event: 0.122 Thread 0x00000206cbdee7a0 Thread added: 0x00000206cba4af40
Event: 0.122 Thread 0x00000206cbdee7a0 Thread added: 0x00000206cba51c50
Event: 0.122 Thread 0x00000206cbdee7a0 Thread added: 0x00000206cba5fc40
Event: 0.123 Thread 0x00000206cbdee7a0 Thread added: 0x00000206cba60800
Event: 0.123 Thread 0x00000206cbdee7a0 Thread added: 0x00000206cba61b00
Event: 0.123 Thread 0x00000206cbdee7a0 Thread added: 0x00000206cba62710
Event: 0.288 Thread 0x00000206cbdee7a0 Thread added: 0x00000206ec7f6970
Event: 0.311 Thread 0x00000206cbdee7a0 Thread added: 0x00000206ec8674b0
Event: 0.430 Thread 0x00000206cba62710 Thread added: 0x00000206ec8ca780
Event: 0.537 Thread 0x00000206cbdee7a0 Thread added: 0x00000206f1dabfd0
Event: 0.632 Thread 0x00000206cba62710 Thread added: 0x00000206ec8c9f70
Event: 0.727 Thread 0x00000206cbdee7a0 Thread added: 0x00000206f2f8b2b0


Dynamic libraries:
0x00007ff647ea0000 - 0x00007ff647eae000 	C:\Users\mstor\.jdks\ms-25.0.1\bin\java.exe
0x00007ff97ab00000 - 0x00007ff97ad67000 	C:\WINDOWS\SYSTEM32\ntdll.dll
0x00007ff97a3c0000 - 0x00007ff97a489000 	C:\WINDOWS\System32\KERNEL32.DLL
0x00007ff977ee0000 - 0x00007ff9782cf000 	C:\WINDOWS\System32\KERNELBASE.dll
0x00007ff9784e0000 - 0x00007ff97862b000 	C:\WINDOWS\System32\ucrtbase.dll
0x00007ff945180000 - 0x00007ff94519e000 	C:\Users\mstor\.jdks\ms-25.0.1\bin\VCRUNTIME140.dll
0x00007ff94b500000 - 0x00007ff94b517000 	C:\Users\mstor\.jdks\ms-25.0.1\bin\jli.dll
0x00007ff9789a0000 - 0x00007ff978b65000 	C:\WINDOWS\System32\USER32.dll
0x00007ff95cf70000 - 0x00007ff95d203000 	C:\WINDOWS\WinSxS\amd64_microsoft.windows.common-controls_6595b64144ccf1df_6.0.26100.7309_none_3e05feeae336a044\COMCTL32.dll
0x00007ff978630000 - 0x00007ff978657000 	C:\WINDOWS\System32\win32u.dll
0x00007ff97a1a0000 - 0x00007ff97a249000 	C:\WINDOWS\System32\msvcrt.dll
0x00007ff97a250000 - 0x00007ff97a27b000 	C:\WINDOWS\System32\GDI32.dll
0x00007ff977c50000 - 0x00007ff977d7c000 	C:\WINDOWS\System32\gdi32full.dll
0x00007ff977e30000 - 0x00007ff977ed3000 	C:\WINDOWS\System32\msvcp_win.dll
0x00007ff97a4b0000 - 0x00007ff97a4e1000 	C:\WINDOWS\System32\IMM32.DLL
0x00007ff9600b0000 - 0x00007ff9600bc000 	C:\Users\mstor\.jdks\ms-25.0.1\bin\vcruntime140_1.dll
0x00007ff942f50000 - 0x00007ff942fd9000 	C:\Users\mstor\.jdks\ms-25.0.1\bin\msvcp140.dll
0x00007ff8b3e90000 - 0x00007ff8b4dbf000 	C:\Users\mstor\.jdks\ms-25.0.1\bin\server\jvm.dll
0x00007ff97a550000 - 0x00007ff97a604000 	C:\WINDOWS\System32\ADVAPI32.dll
0x00007ff97a300000 - 0x00007ff97a3a6000 	C:\WINDOWS\System32\sechost.dll
0x00007ff979740000 - 0x00007ff979858000 	C:\WINDOWS\System32\RPCRT4.dll
0x00007ff97a280000 - 0x00007ff97a2f4000 	C:\WINDOWS\System32\WS2_32.dll
0x00007ff977900000 - 0x00007ff97795e000 	C:\WINDOWS\SYSTEM32\POWRPROF.dll
0x00007ff969cf0000 - 0x00007ff969d25000 	C:\WINDOWS\SYSTEM32\WINMM.dll
0x00007ff970800000 - 0x00007ff97080b000 	C:\WINDOWS\SYSTEM32\VERSION.dll
0x00007ff9778e0000 - 0x00007ff9778f4000 	C:\WINDOWS\SYSTEM32\UMPDC.dll
0x00007ff976a00000 - 0x00007ff976a1b000 	C:\WINDOWS\SYSTEM32\kernel.appcore.dll
0x00007ff94f040000 - 0x00007ff94f04a000 	C:\Users\mstor\.jdks\ms-25.0.1\bin\jimage.dll
0x00007ff9752d0000 - 0x00007ff975512000 	C:\WINDOWS\SYSTEM32\DBGHELP.DLL
0x00007ff979230000 - 0x00007ff9795b5000 	C:\WINDOWS\System32\combase.dll
0x00007ff97a610000 - 0x00007ff97a6e6000 	C:\WINDOWS\System32\OLEAUT32.dll
0x00007ff95c080000 - 0x00007ff95c0bc000 	C:\WINDOWS\SYSTEM32\dbgcore.DLL
0x00007ff977d80000 - 0x00007ff977e25000 	C:\WINDOWS\System32\bcryptPrimitives.dll
0x00007ff9487b0000 - 0x00007ff9487c0000 	C:\Users\mstor\.jdks\ms-25.0.1\bin\instrument.dll
0x00007ff944f30000 - 0x00007ff944f4f000 	C:\Users\mstor\.jdks\ms-25.0.1\bin\java.dll
0x00007ff97a8a0000 - 0x00007ff97aa37000 	C:\WINDOWS\System32\ole32.dll
0x00007ff979a40000 - 0x00007ff97a193000 	C:\WINDOWS\System32\SHELL32.dll
0x00007ff9782e0000 - 0x00007ff97844a000 	C:\WINDOWS\System32\wintypes.dll
0x00007ff8e9890000 - 0x00007ff8e9a9e000 	C:\Users\mstor\AppData\Local\Temp\idea_libasyncProfiler_dll_temp_folder\libasyncProfiler.dll
0x00007ff943380000 - 0x00007ff943397000 	C:\Users\mstor\.jdks\ms-25.0.1\bin\zip.dll
0x00007ff975890000 - 0x00007ff9760ee000 	C:\WINDOWS\SYSTEM32\windows.storage.dll
0x00007ff97a6f0000 - 0x00007ff97a7e5000 	C:\WINDOWS\System32\SHCORE.dll
0x00007ff9788a0000 - 0x00007ff978906000 	C:\WINDOWS\System32\shlwapi.dll
0x00007ff977b70000 - 0x00007ff977b99000 	C:\WINDOWS\SYSTEM32\profapi.dll
0x00007ff943cc0000 - 0x00007ff943cd2000 	C:\Users\mstor\.jdks\ms-25.0.1\bin\net.dll
0x00007ff976f70000 - 0x00007ff976fdb000 	C:\WINDOWS\system32\mswsock.dll
0x00007ff9433a0000 - 0x00007ff9433b6000 	C:\Users\mstor\.jdks\ms-25.0.1\bin\nio.dll
0x00007ff944040000 - 0x00007ff944050000 	C:\Users\mstor\.jdks\ms-25.0.1\bin\verify.dll
0x00007ff9449b0000 - 0x00007ff9449b9000 	C:\Users\mstor\.jdks\ms-25.0.1\bin\extnet.dll

JVMTI agents:
C:\Program Files\JetBrains\IntelliJ IDEA 2024.3.5\lib\idea_rt.jar path:C:\Users\mstor\.jdks\ms-25.0.1\bin\instrument.dll, loaded, initialized, instrumentlib options:61127
C:\Users\mstor\AppData\Local\JetBrains\IntelliJIdea2024.3\captureAgent\debugger-agent.jar path:C:\Users\mstor\.jdks\ms-25.0.1\bin\instrument.dll, loaded, initialized, instrumentlib options:none
C:\Users\mstor\AppData\Local\Temp\idea_libasyncProfiler_dll_temp_folder\libasyncProfiler.dll path:C:\Users\mstor\AppData\Local\Temp\idea_libasyncProfiler_dll_temp_folder\libasyncProfiler.dll, loaded, initialized, options:start,jfr,event=wall,interval=10ms,jfrsync=profile,cstack=no,file=C:\Users\mstor\IdeaSnapshots\AdminServiceImplTest_createAdmin_ShouldReturnSavedAdmin_WhenUsernameIsAvailable_2026_03_09_095330.jfr,dbghelppath=C:\Users\mstor\AppData\Local\Temp\idea_dbghelp_dll_temp_folder\dbghelp.dll,log=C:\Users\mstor\AppData\Local\Temp\AdminServiceImplTest_createAdmin_ShouldReturnSavedAdmin_WhenUsernameIsAvailable_2026_03_09_095330.jfr.log.txt,logLevel=DEBUG

dbghelp: loaded successfully - version: 4.0.5 - missing functions: none
symbol engine: initialized successfully - sym options: 0x614 - pdb path: .;C:\Users\mstor\.jdks\ms-25.0.1\bin;C:\WINDOWS\SYSTEM32;C:\WINDOWS\WinSxS\amd64_microsoft.windows.common-controls_6595b64144ccf1df_6.0.26100.7309_none_3e05feeae336a044;C:\Users\mstor\.jdks\ms-25.0.1\bin\server;C:\Users\mstor\AppData\Local\Temp\idea_libasyncProfiler_dll_temp_folder

VM Arguments:
jvm_args: -ea --enable-preview -Didea.test.cyclic.buffer.size=1048576 -javaagent:C:\Program Files\JetBrains\IntelliJ IDEA 2024.3.5\lib\idea_rt.jar=61127 -javaagent:C:\Users\mstor\AppData\Local\JetBrains\IntelliJIdea2024.3\captureAgent\debugger-agent.jar -Dkotlinx.coroutines.debug.enable.creation.stack.trace=false -Ddebugger.agent.enable.coroutines=true -Dkotlinx.coroutines.debug.enable.flows.stack.trace=true -Dkotlinx.coroutines.debug.enable.mutable.state.flows.stack.trace=true -agentpath:C:\Users\mstor\AppData\Local\Temp\idea_libasyncProfiler_dll_temp_folder\libasyncProfiler.dll=start,jfr,event=wall,interval=10ms,jfrsync=profile,cstack=no,file=C:\Users\mstor\IdeaSnapshots\AdminServiceImplTest_createAdmin_ShouldReturnSavedAdmin_WhenUsernameIsAvailable_2026_03_09_095330.jfr,dbghelppath=C:\Users\mstor\AppData\Local\Temp\idea_dbghelp_dll_temp_folder\dbghelp.dll,log=C:\Users\mstor\AppData\Local\Temp\AdminServiceImplTest_createAdmin_ShouldReturnSavedAdmin_WhenUsernameIsAvailable_2026_03_09_095330.jfr.log.txt,logLevel=DEBUG -Dfile.encoding=UTF-8 -Dsun.stdout.encoding=UTF-8 -Dsun.stderr.encoding=UTF-8 
java_command: com.intellij.rt.junit.JUnitStarter -ideVersion5 -junit5 org.example.kinobe.servicetest.AdminServiceImplTest,createAdmin_ShouldReturnSavedAdmin_WhenUsernameIsAvailable
java_class_path (initial): C:\Users\mstor\.m2\repository\org\junit\platform\junit-platform-launcher\6.0.3\junit-platform-launcher-6.0.3.jar;C:\Program Files\JetBrains\IntelliJ IDEA 2024.3.5\lib\idea_rt.jar;C:\Program Files\JetBrains\IntelliJ IDEA 2024.3.5\plugins\junit\lib\junit5-rt.jar;C:\Program Files\JetBrains\IntelliJ IDEA 2024.3.5\plugins\junit\lib\junit-rt.jar;C:\Users\mstor\IdeaProjects\KinoBE\target\test-classes;C:\Users\mstor\IdeaProjects\KinoBE\target\classes;C:\Users\mstor\.m2\repository\org\springframework\boot\spring-boot-h2console\4.0.3\spring-boot-h2console-4.0.3.jar;C:\Users\mstor\.m2\repository\org\springframework\boot\spring-boot\4.0.3\spring-boot-4.0.3.jar;C:\Users\mstor\.m2\repository\org\springframework\spring-core\7.0.5\spring-core-7.0.5.jar;C:\Users\mstor\.m2\repository\commons-logging\commons-logging\1.3.5\commons-logging-1.3.5.jar;C:\Users\mstor\.m2\repository\org\jspecify\jspecify\1.0.0\jspecify-1.0.0.jar;C:\Users\mstor\.m2\repository\org\springframework\spring-context\7.0.5\spring-context-7.0.5.jar;C:\Users\mstor\.m2\repository\org\springframework\spring-aop\7.0.5\spring-aop-7.0.5.jar;C:\Users\mstor\.m2\repository\org\springframework\spring-beans\7.0.5\spring-beans-7.0.5.jar;C:\Users\mstor\.m2\repository\org\springframework\spring-expression\7.0.5\spring-expression-7.0.5.jar;C:\Users\mstor\.m2\repository\io\micrometer\micrometer-observation\1.16.3\micrometer-observation-1.16.3.jar;C:\Users\mstor\.m2\repository\io\micrometer\micrometer-commons\1.16.3\micrometer-commons-1.16.3.jar;C:\Users\mstor\.m2\repository\jakarta\servlet\jakarta.servlet-api\6.1.0\jakarta.servlet-api-6.1.0.jar;C:\Users\mstor\.m2\repository\org\springframework\boot\spring-boot-starter-data-jpa\4.0.3\spring-boot-starter-data-jpa-4.0.3.jar;C:\Users\mstor\.m2\repository\org\springframework\boot\spring-boot-starter\4.0.3\spring-boot-starter-4.0.3.jar;C:\Users\mstor\.m2\repository\org\springframework\boot\spring-boot-starter-logging\4.0.3\spring-boot-starter-logging-4.0.3.jar;C:\Users\mstor\.m2\repository\ch\qos\logback\logback-classic\1.5.32\logback-classic-1.5.32.jar;C:\Users\mstor\.m2\repository\ch\qos\logback\logback-core\1.5.32\logback-core-1.5.32.jar;C:\Users\mstor\.m2\repository\org\apache\logging\log4j\log4j-to-slf4j\2.25.3\log4j-to-slf4j-2.25.3.jar;C:\Users\mstor\.m2\repository\org\apache\logging\log4j\log4j-api\2.25.3\log4j-api-2.25.3.jar;C:\Users\mstor\.m2\repository\org\slf4j\jul-to-slf4j\2.0.17\jul-to-slf4j-2.0.17.jar;C:\Users\mstor\.m2\repository\org\springframework\boot\spring-boot-autoconfigure\4.0.3\spring-boot-autoconfigure-4.0.3.jar;C:\Users\mstor\.m2\repository\jakarta\annotation\jakarta.annotation-api\3.0.0\jakarta.annotation-api-3.0.0.jar;C:\Users\mstor\.m2\repository\org\yaml\snakeyaml\2.5\snakeyaml-2.5.jar;C:\Users\mstor\.m2\repository\org\springframework\boot\spring-boot-starter-jdbc\4.0.3\spring-boot-starter-jdbc-4.0.3.jar;C:\Users\mstor\.m2\repository\com\zaxxer\HikariCP\7.0.2\HikariCP-7.0.2.jar;C:\Users\mstor\.m2\repository\org\slf4j\slf4j-api\2.0.17\slf4j-api-2.0.17.jar;C:\Users\mstor\.m2\repository\org\springframework\boot\spring-boot-data-jpa\4.0.3\spring-boot-data-jpa-4.0.3.jar;C:\Users\mstor\.m2\repository\org\springframework\boot\spring-boot-data-commons\4.0.3\spring-boot-data-commons-4.0.3.jar;C:\Users\mstor\.m2\repository\org\springframework\boot\spring-boot-persistence\4.0.3\spring-boot-persistence-4.0.3.jar;C:\Users\mstor\.m2\repository\org\springframework\data\spring-data-commons\4.0.3\spring-data-commons-4.0.3.jar;C:\Users\mstor\.m2\repository\org\springframework\boot\spring-boot-hibernate\4.0.3\spring-boot-hibernate-4.0.3.jar;C:\Users\mstor\.m2\repository\org\springframework\boot\spring-boot-jpa\4.0.3\spring-boot-jpa-4.0.3.jar;C:\Users\mstor\.m2\repository\jakarta\persistence\jakarta.persistence-api\3.2.0\jakarta.persistence-api-3.2.0.jar;C:\Users\mstor\.m2\repository\org\hibernate\orm\hibernate-core\7.2.4.Final\hibernate-core-7.2.4.Final.jar;C:\Users\mstor\.m2\repository\jakarta\transaction\jakarta.transaction-api\2.0.1\jakarta.transaction-api-2.0.1.jar;C:\Users\mstor\.m2\repository\org\jboss\logging\jboss-logging\3.6.2.Final\jboss-logging-3.6.2.Final.jar;C:\Users\mstor\.m2\repository\org\hibernate\models\hibernate-models\1.0.1\hibernate-models-1.0.1.jar;C:\Users\mstor\.m2\repository\com\fasterxml\classmate\1.7.3\classmate-1.7.3.jar;C:\Users\mstor\.m2\repository\org\glassfish\jaxb\jaxb-runtime\4.0.6\jaxb-runtime-4.0.6.jar;C:\Users\mstor\.m2\repository\org\glassfish\jaxb\jaxb-core\4.0.6\jaxb-core-4.0.6.jar;C:\Users\mstor\.m2\repository\org\eclipse\angus\angus-activation\2.0.3\angus-activation-2.0.3.jar;C:\Users\mstor\.m2\repository\org\glassfish\jaxb\txw2\4.0.6\txw2-4.0.6.jar;C:\Users\mstor\.m2\repository\com\sun\istack\istack-commons-runtime\4.1.2\istack-commons-runtime-4.1.2.jar;C:\Users\mstor\.m2\repository\jakarta\inject\jakarta.inject-api\2.0.1\jakarta.inject-api-2.0.1.jar;C:\Users\mstor\.m2\repository\org\springframework\spring-orm\7.0.5\spring-orm-7.0.5.jar;C:\Users\mstor\.m2\repository\org\springframework\data\spring-data-jpa\4.0.3\spring-data-jpa-4.0.3.jar;C:\Users\mstor\.m2\repository\org\springframework\spring-tx\7.0.5\spring-tx-7.0.5.jar;C:\Users\mstor\.m2\repository\org\antlr\antlr4-runtime\4.13.2\antlr4-runtime-4.13.2.jar;C:\Users\mstor\.m2\repository\org\springframework\spring-aspects\7.0.5\spring-aspects-7.0.5.jar;C:\Users\mstor\.m2\repository\org\aspectj\aspectjweaver\1.9.25.1\aspectjweaver-1.9.25.1.jar;C:\Users\mstor\.m2\repository\org\springframework\boot\spring-boot-jdbc\4.0.3\spring-boot-jdbc-4.0.3.jar;C:\Users\mstor\.m2\repository\org\springframework\boot\spring-boot-sql\4.0.3\spring-boot-sql-4.0.3.jar;C:\Users\mstor\.m2\repository\org\springframework\boot\spring-boot-transaction\4.0.3\spring-boot-transaction-4.0.3.jar;C:\Users\mstor\.m2\repository\org\springframework\spring-jdbc\7.0.5\spring-jdbc-7.0.5.jar;C:\Users\mstor\.m2\repository\org\springframework\boot\spring-boot-starter-webmvc\4.0.3\spring-boot-starter-webmvc-4.0.3.jar;C:\Users\mstor\.m2\repository\org\springframework\boot\spring-boot-starter-jackson\4.0.3\spring-boot-starter-jackson-4.0.3.jar;C:\Users\mstor\.m2\repository\org\springframework\boot\spring-boot-jackson\4.0.3\spring-boot-jackson-4.0.3.jar;C:\Users\mstor\.m2\repository\tools\jackson\core\jackson-databind\3.0.4\jackson-databind-3.0.4.jar;C:\Users\mstor\.m2\repository\com\fasterxml\jackson\core\jackson-annotations\2.20\jackson-annotations-2.20.jar;C:\Users\mstor\.m2\repository\tools\jackson\core\jackson-core\3.0.4\jackson-core-3.0.4.jar;C:\Users\mstor\.m2\repository\org\springframework\boot\spring-boot-starter-tomcat\4.0.3\spring-boot-starter-tomcat-4.0.3.jar;C:\Users\mstor\.m2\repository\org\springframework\boot\spring-boot-starter-tomcat-runtime\4.0.3\spring-boot-starter-tomcat-runtime-4.0.3.jar;C:\Users\mstor\.m2\repository\org\apache\tomcat\embed\tomcat-embed-core\11.0.18\tomcat-embed-core-11.0.18.jar;C:\Users\mstor\.m2\repository\org\apache\tomcat\embed\tomcat-embed-el\11.0.18\tomcat-embed-el-11.0.18.jar;C:\Users\mstor\.m2\repository\org\apache\tomcat\embed\tomcat-embed-websocket\11.0.18\tomcat-embed-websocket-11.0.18.jar;C:\Users\mstor\.m2\repository\org\springframework\boot\spring-boot-tomcat\4.0.3\spring-boot-tomcat-4.0.3.jar;C:\Users\mstor\.m2\repository\org\springframework\boot\spring-boot-http-converter\4.0.3\spring-boot-http-converter-4.0.3.jar;C:\Users\mstor\.m2\repository\org\springframework\spring-web\7.0.5\spring-web-7.0.5.jar;C:\Users\mstor\.m2\repository\org\springframework\boot\spring-boot-webmvc\4.0.3\spring-boot-webmvc-4.0.3.jar;C:\Users\mstor\.m2\repository\org\springframework\boot\spring-boot-servlet\4.0.3\spring-boot-servlet-4.0.3.jar;C:\Users\mstor\.m2\repository\org\springframework\spring-webmvc\7.0.5\spring-webmvc-7.0.5.jar;C:\Users\mstor\.m2\repository\com\h2database\h2\2.4.240\h2-2.4.240.jar;C:\Users\mstor\.m2\repository\com\mysql\mysql-connector-j\9.6.0\mysql-connector-j-9.6.0.jar;C:\Users\mstor\.m2\repository\org\springframework\boot\spring-boot-starter-data-jpa-test\4.0.3\spring-boot-starter-data-jpa-test-4.0.3.jar;C:\Users\mstor\.m2\repository\org\springframework\boot\spring-boot-starter-test\4.0.3\spring-boot-starter-test-4.0.3.jar;C:\Users\mstor\.m2\repository\org\springframework\boot\spring-boot-test\4.0.3\spring-boot-test-4.0.3.jar;C:\Users\mstor\.m2\repository\org\springframework\boot\spring-boot-test-autoconfigure\4.0.3\spring-boot-test-autoconfigure-4.0.3.jar;C:\Users\mstor\.m2\repository\com\jayway\jsonpath\json-path\2.10.0\json-path-2.10.0.jar;C:\Users\mstor\.m2\repository\jakarta\xml\bind\jakarta.xml.bind-api\4.0.4\jakarta.xml.bind-api-4.0.4.jar;C:\Users\mstor\.m2\repository\jakarta\activation\jakarta.activation-api\2.1.4\jakarta.activation-api-2.1.4.jar;C:\Users\mstor\.m2\repository\net\minidev\json-smart\2.6.0\json-smart-2.6.0.jar;C:\Users\mstor\.m2\repository\net\minidev\accessors-smart\2.6.0\accessors-smart-2.6.0.jar;C:\Users\mstor\.m2\repository\org\ow2\asm\asm\9.7.1\asm-9.7.1.jar;C:\Users\mstor\.m2\repository\org\assertj\assertj-core\3.27.7\assertj-core-3.27.7.jar;C:\Users\mstor\.m2\repository\net\bytebuddy\byte-buddy\1.17.8\byte-buddy-1.17.8.jar;C:\Users\mstor\.m2\repository\org\awaitility\awaitility\4.3.0\awaitility-4.3.0.jar;C:\Users\mstor\.m2\repository\org\hamcrest\hamcrest\3.0\hamcrest-3.0.jar;C:\Users\mstor\.m2\repository\org\junit\jupiter\junit-jupiter\6.0.3\junit-jupiter-6.0.3.jar;C:\Users\mstor\.m2\repository\org\junit\jupiter\junit-jupiter-api\6.0.3\junit-jupiter-api-6.0.3.jar;C:\Users\mstor\.m2\repository\org\opentest4j\opentest4j\1.3.0\opentest4j-1.3.0.jar;C:\Users\mstor\.m2\repository\org\junit\platform\junit-platform-commons\6.0.3\junit-platform-commons-6.0.3.jar;C:\Users\mstor\.m2\repository\org\apiguardian\apiguardian-api\1.1.2\apiguardian-api-1.1.2.jar;C:\Users\mstor\.m2\repository\org\junit\jupiter\junit-jupiter-params\6.0.3\junit-jupiter-params-6.0.3.jar;C:\Users\mstor\.m2\repository\org\junit\jupiter\junit-jupiter-engine\6.0.3\junit-jupiter-engine-6.0.3.jar;C:\Users\mstor\.m2\repository\org\junit\platform\junit-platform-engine\6.0.3\junit-platform-engine-6.0.3.jar;C:\Users\mstor\.m2\repository\org\mockito\mockito-core\5.20.0\mockito-core-5.20.0.jar;C:\Users\mstor\.m2\repository\net\bytebuddy\byte-buddy-agent\1.17.8\byte-buddy-agent-1.17.8.jar;C:\Users\mstor\.m2\repository\org\objenesis\objenesis\3.3\objenesis-3.3.jar;C:\Users\mstor\.m2\repository\org\mockito\mockito-junit-jupiter\5.20.0\mockito-junit-jupiter-5.20.0.jar;C:\Users\mstor\.m2\repository\org\skyscreamer\jsonassert\1.5.3\jsonassert-1.5.3.jar;C:\Users\mstor\.m2\repository\com\vaadin\external\google\android-json\0.0.20131108.vaadin1\android-json-0.0.20131108.vaadin1.jar;C:\Users\mstor\.m2\repository\org\springframework\spring-test\7.0.5\spring-test-7.0.5.jar;C:\Users\mstor\.m2\repository\org\xmlunit\xmlunit-core\2.10.4\xmlunit-core-2.10.4.jar;C:\Users\mstor\.m2\repository\org\springframework\boot\spring-boot-starter-jdbc-test\4.0.3\spring-boot-starter-jdbc-test-4.0.3.jar;C:\Users\mstor\.m2\repository\org\springframework\boot\spring-boot-jdbc-test\4.0.3\spring-boot-jdbc-test-4.0.3.jar;C:\Users\mstor\.m2\repository\org\springframework\boot\spring-boot-data-jpa-test\4.0.3\spring-boot-data-jpa-test-4.0.3.jar;C:\Users\mstor\.m2\repository\org\springframework\boot\spring-boot-jpa-test\4.0.3\spring-boot-jpa-test-4.0.3.jar;C:\Users\mstor\.m2\repository\org\springframework\boot\spring-boot-starter-webmvc-test\4.0.3\spring-boot-starter-webmvc-test-4.0.3.jar;C:\Users\mstor\.m2\repository\org\springframework\boot\spring-boot-starter-jackson-test\4.0.3\spring-boot-starter-jackson-test-4.0.3.jar;C:\Users\mstor\.m2\repository\org\springframework\boot\spring-boot-webmvc-test\4.0.3\spring-boot-webmvc-test-4.0.3.jar;C:\Users\mstor\.m2\repository\org\springframework\boot\spring-boot-web-server\4.0.3\spring-boot-web-server-4.0.3.jar;C:\Users\mstor\.m2\repository\org\springframework\boot\spring-boot-resttestclient\4.0.3\spring-boot-resttestclient-4.0.3.jar
Launcher Type: SUN_STANDARD

[Global flags]
     intx CICompilerCount                          = 4                                         {product} {ergonomic}
     uint ConcGCThreads                            = 3                                         {product} {ergonomic}
     bool FlightRecorder                           = true                                      {product} {management}
     uint G1ConcRefinementThreads                  = 10                                        {product} {ergonomic}
   size_t G1HeapRegionSize                         = 2097152                                   {product} {ergonomic}
   size_t InitialHeapSize                          = 266338304                                 {product} {ergonomic}
   size_t MarkStackSize                            = 4194304                                   {product} {ergonomic}
   size_t MarkStackSizeMax                         = 536870912                                 {product} {ergonomic}
   size_t MaxHeapSize                              = 4255121408                                {product} {ergonomic}
   size_t MaxNewSize                               = 2552233984                                {product} {ergonomic}
   size_t MinHeapDeltaBytes                        = 2097152                                   {product} {ergonomic}
   size_t MinHeapSize                              = 8388608                                   {product} {ergonomic}
    uintx NonNMethodCodeHeapSize                   = 5832704                                {pd product} {ergonomic}
    uintx NonProfiledCodeHeapSize                  = 122945536                              {pd product} {ergonomic}
    uintx ProfiledCodeHeapSize                     = 122880000                              {pd product} {ergonomic}
    uintx ReservedCodeCacheSize                    = 251658240                              {pd product} {ergonomic}
     bool SegmentedCodeCache                       = true                                      {product} {ergonomic}
   size_t SoftMaxHeapSize                          = 4255121408                             {manageable} {ergonomic}
     bool UseCompressedOops                        = true                           {product lp64_product} {ergonomic}
     bool UseG1GC                                  = true                                      {product} {ergonomic}
     bool UseLargePagesIndividualAllocation        = false                                  {pd product} {ergonomic}

Logging:
Log output configuration:
 #0: stdout all=warning uptime,level,tags foldmultilines=false
 #1: stderr all=off uptime,level,tags foldmultilines=false

Release file:
<release file has not been read>
Environment Variables:
PATH=C:\Program Files (x86)\Razer Chroma SDK\bin;C:\Program Files\Razer Chroma SDK\bin;C:\Program Files (x86)\Razer\ChromaBroadcast\bin;C:\Program Files\Razer\ChromaBroadcast\bin;C:\windows\system32;C:\windows;C:\windows\System32\Wbem;C:\windows\System32\WindowsPowerShell\v1.0\;C:\windows\System32\OpenSSH\;C:\Program Files (x86)\NVIDIA Corporation\PhysX\Common;C:\WINDOWS\system32;C:\WINDOWS;C:\WINDOWS\System32\Wbem;C:\WINDOWS\System32\WindowsPowerShell\v1.0\;C:\WINDOWS\System32\OpenSSH\;C:\Program Files\dotnet\;C:\WINDOWS\system32\config\systemprofile\AppData\Local\Microsoft\WindowsApps;C:\Program Files\NVIDIA Corporation\NVIDIA app\NvDLISR;C:\WINDOWS\system32;C:\WINDOWS;C:\WINDOWS\System32\Wbem;C:\WINDOWS\System32\WindowsPowerShell\v1.0\;C:\WINDOWS\System32\OpenSSH\;C:\Program Files\Git\cmd;C:\Program Files\MySQL\MySQL Server 8.0\bin;C:\Program Files\nodejs\;C:\Program Files\MySQL\MySQL Shell 8.0\bin\;C:\Users\mstor\AppData\Local\Microsoft\WindowsApps;C:\Program Files\JetBrains\IntelliJ IDEA 2024.3.5\bin;C:\Users\mstor\AppData\Local\JetBrains\Toolbox\scripts;C:\Users\mstor\AppData\Local\GitHubDesktop\bin;C:\Users\mstor\AppData\Roaming\npm
USERNAME=mstor
OS=Windows_NT
PROCESSOR_IDENTIFIER=Intel64 Family 6 Model 151 Stepping 2, GenuineIntel
TMP=C:\Users\mstor\AppData\Local\Temp
TEMP=C:\Users\mstor\AppData\Local\Temp




Compilation memory statistics disabled.

Periodic native trim disabled

---------------  S Y S T E M  ---------------

OS:
 Windows 11 , 64 bit Build 26100 (10.0.26100.7309)
OS uptime: 0 days 21:35 hours

CPU: total 12 (initial active 12) (6 cores per cpu, 2 threads per core) family 6 model 151 stepping 2 microcode 0x18, cx8, cmov, fxsr, ht, mmx, 3dnowpref, sse, sse2, sse3, ssse3, sse4.1, sse4.2, popcnt, lzcnt, tsc, tscinvbit, avx, avx2, aes, erms, clmul, bmi1, bmi2, adx, sha, fma, vzeroupper, clflush, clflushopt, clwb, serialize, rdtscp, rdpid, fsrm, gfni, f16c, pku, cet_ibt, cet_ss
Processor Information for the first 12 processors :
  Max Mhz: 2500, Current Mhz: 2419, Mhz Limit: 2500

Memory: 4k page, system-wide physical 16225M (6245M free)
TotalPageFile size 30049M (AvailPageFile size 13578M)
current process WorkingSet (physical memory assigned to process): 111M, peak: 111M
current process commit charge ("private bytes"): 412M, peak: 412M

vm_info: OpenJDK 64-Bit Server VM (25.0.1+8-LTS) for windows-amd64 JRE (25.0.1+8-LTS), built on 2025-10-13T22:41:56Z with unknown MS VC++:1944

END.
